2019-09-16 22:57:54,339 INFO  Logger.cs: 70 - 
--------------------------------------------------------------------------------
2019-09-16 22:57:54,493 INFO  Logger.cs: 71 - Logging commencing for SW2URDF exporter
2019-09-16 22:57:54,510 INFO  Logger.cs: 73 - Commit version 1.5.1-0-g916b5db
2019-09-16 22:57:54,511 INFO  Logger.cs: 74 - Build version 1.5.7152.31018
2019-09-16 22:57:54,577 INFO  SwAddin.cs: 250 - Adding Assembly export to file menu
2019-09-16 22:57:54,579 INFO  SwAddin.cs: 253 - Adding Part export to file menu
2019-09-16 22:57:55,250 INFO  SwAddin.cs: 218 - Connecting plugin to SolidWorks
2019-09-16 23:26:59,915 INFO  SwAddin.cs: 271 - Assembly export called for file base
2019-09-16 23:27:28,421 INFO  SwAddin.cs: 271 - Assembly export called for file base
2019-09-16 23:27:29,819 INFO  SwAddin.cs: 290 - Saving assembly
2019-09-16 23:27:29,959 INFO  SwAddin.cs: 293 - Opening property manager
2019-09-16 23:27:30,149 INFO  ExportHelperExtension.cs: 1131 - Retrieving features of type [CoordSys] from base
2019-09-16 23:27:30,244 INFO  ExportHelperExtension.cs: 1142 - Found 55 in base
2019-09-16 23:27:30,245 INFO  ExportHelperExtension.cs: 1152 - Found 0 features of type [CoordSys] in base
2019-09-16 23:27:30,246 INFO  ExportHelperExtension.cs: 1155 - Proceeding through assembly components
2019-09-16 23:27:30,254 INFO  ExportHelperExtension.cs: 1167 - 10 components to check
2019-09-16 23:27:30,255 INFO  ExportHelperExtension.cs: 1131 - Retrieving features of type [CoordSys] from motor-3
2019-09-16 23:27:30,256 INFO  ExportHelperExtension.cs: 1142 - Found 45 in motor-3
2019-09-16 23:27:30,257 INFO  ExportHelperExtension.cs: 1152 - Found 0 features of type [CoordSys] in motor-3
2019-09-16 23:27:30,257 INFO  ExportHelperExtension.cs: 1131 - Retrieving features of type [CoordSys] from motor-2
2019-09-16 23:27:30,257 INFO  ExportHelperExtension.cs: 1142 - Found 45 in motor-2
2019-09-16 23:27:30,258 INFO  ExportHelperExtension.cs: 1152 - Found 0 features of type [CoordSys] in motor-2
2019-09-16 23:27:30,258 INFO  ExportHelperExtension.cs: 1131 - Retrieving features of type [CoordSys] from motor-1
2019-09-16 23:27:30,258 INFO  ExportHelperExtension.cs: 1142 - Found 45 in motor-1
2019-09-16 23:27:30,259 INFO  ExportHelperExtension.cs: 1152 - Found 0 features of type [CoordSys] in motor-1
2019-09-16 23:27:30,259 INFO  ExportHelperExtension.cs: 1131 - Retrieving features of type [CoordSys] from Locomotory_Bracket-2
2019-09-16 23:27:30,260 INFO  ExportHelperExtension.cs: 1142 - Found 40 in Locomotory_Bracket-2
2019-09-16 23:27:30,260 INFO  ExportHelperExtension.cs: 1152 - Found 0 features of type [CoordSys] in Locomotory_Bracket-2
2019-09-16 23:27:30,261 INFO  ExportHelperExtension.cs: 1131 - Retrieving features of type [CoordSys] from Base-1
2019-09-16 23:27:30,261 INFO  ExportHelperExtension.cs: 1142 - Found 26 in Base-1
2019-09-16 23:27:30,262 INFO  ExportHelperExtension.cs: 1152 - Found 0 features of type [CoordSys] in Base-1
2019-09-16 23:27:30,262 INFO  ExportHelperExtension.cs: 1131 - Retrieving features of type [CoordSys] from Locomotory_Bracket-1
2019-09-16 23:27:30,262 INFO  ExportHelperExtension.cs: 1142 - Found 40 in Locomotory_Bracket-1
2019-09-16 23:27:30,263 INFO  ExportHelperExtension.cs: 1152 - Found 0 features of type [CoordSys] in Locomotory_Bracket-1
2019-09-16 23:27:30,263 INFO  ExportHelperExtension.cs: 1131 - Retrieving features of type [CoordSys] from Locomotory_Bracket-3
2019-09-16 23:27:30,263 INFO  ExportHelperExtension.cs: 1142 - Found 40 in Locomotory_Bracket-3
2019-09-16 23:27:30,264 INFO  ExportHelperExtension.cs: 1152 - Found 0 features of type [CoordSys] in Locomotory_Bracket-3
2019-09-16 23:27:30,264 INFO  ExportHelperExtension.cs: 1131 - Retrieving features of type [CoordSys] from Omni Wheel Final assembly-1
2019-09-16 23:27:30,265 INFO  ExportHelperExtension.cs: 1142 - Found 41 in Omni Wheel Final assembly-1
2019-09-16 23:27:30,265 INFO  ExportHelperExtension.cs: 1152 - Found 0 features of type [CoordSys] in Omni Wheel Final assembly-1
2019-09-16 23:27:30,266 INFO  ExportHelperExtension.cs: 1131 - Retrieving features of type [CoordSys] from Omni Wheel Final assembly-2
2019-09-16 23:27:30,266 INFO  ExportHelperExtension.cs: 1142 - Found 41 in Omni Wheel Final assembly-2
2019-09-16 23:27:30,266 INFO  ExportHelperExtension.cs: 1152 - Found 0 features of type [CoordSys] in Omni Wheel Final assembly-2
2019-09-16 23:27:30,267 INFO  ExportHelperExtension.cs: 1131 - Retrieving features of type [CoordSys] from Omni Wheel Final assembly-3
2019-09-16 23:27:30,267 INFO  ExportHelperExtension.cs: 1142 - Found 41 in Omni Wheel Final assembly-3
2019-09-16 23:27:30,267 INFO  ExportHelperExtension.cs: 1152 - Found 0 features of type [CoordSys] in Omni Wheel Final assembly-3
2019-09-16 23:27:30,268 INFO  ExportHelperExtension.cs: 1131 - Retrieving features of type [RefAxis] from base
2019-09-16 23:27:30,268 INFO  ExportHelperExtension.cs: 1142 - Found 55 in base
2019-09-16 23:27:30,269 INFO  ExportHelperExtension.cs: 1152 - Found 0 features of type [RefAxis] in base
2019-09-16 23:27:30,269 INFO  ExportHelperExtension.cs: 1155 - Proceeding through assembly components
2019-09-16 23:27:30,269 INFO  ExportHelperExtension.cs: 1167 - 10 components to check
2019-09-16 23:27:30,269 INFO  ExportHelperExtension.cs: 1131 - Retrieving features of type [RefAxis] from motor-3
2019-09-16 23:27:30,270 INFO  ExportHelperExtension.cs: 1142 - Found 45 in motor-3
2019-09-16 23:27:30,272 INFO  ExportHelperExtension.cs: 1152 - Found 0 features of type [RefAxis] in motor-3
2019-09-16 23:27:30,273 INFO  ExportHelperExtension.cs: 1131 - Retrieving features of type [RefAxis] from motor-2
2019-09-16 23:27:30,273 INFO  ExportHelperExtension.cs: 1142 - Found 45 in motor-2
2019-09-16 23:27:30,273 INFO  ExportHelperExtension.cs: 1152 - Found 0 features of type [RefAxis] in motor-2
2019-09-16 23:27:30,274 INFO  ExportHelperExtension.cs: 1131 - Retrieving features of type [RefAxis] from motor-1
2019-09-16 23:27:30,274 INFO  ExportHelperExtension.cs: 1142 - Found 45 in motor-1
2019-09-16 23:27:30,274 INFO  ExportHelperExtension.cs: 1152 - Found 0 features of type [RefAxis] in motor-1
2019-09-16 23:27:30,409 INFO  ExportHelperExtension.cs: 1131 - Retrieving features of type [RefAxis] from Locomotory_Bracket-2
2019-09-16 23:27:30,409 INFO  ExportHelperExtension.cs: 1142 - Found 40 in Locomotory_Bracket-2
2019-09-16 23:27:30,410 INFO  ExportHelperExtension.cs: 1152 - Found 0 features of type [RefAxis] in Locomotory_Bracket-2
2019-09-16 23:27:30,411 INFO  ExportHelperExtension.cs: 1131 - Retrieving features of type [RefAxis] from Base-1
2019-09-16 23:27:30,411 INFO  ExportHelperExtension.cs: 1142 - Found 26 in Base-1
2019-09-16 23:27:30,412 INFO  ExportHelperExtension.cs: 1152 - Found 0 features of type [RefAxis] in Base-1
2019-09-16 23:27:30,412 INFO  ExportHelperExtension.cs: 1131 - Retrieving features of type [RefAxis] from Locomotory_Bracket-1
2019-09-16 23:27:30,413 INFO  ExportHelperExtension.cs: 1142 - Found 40 in Locomotory_Bracket-1
2019-09-16 23:27:30,413 INFO  ExportHelperExtension.cs: 1152 - Found 0 features of type [RefAxis] in Locomotory_Bracket-1
2019-09-16 23:27:30,414 INFO  ExportHelperExtension.cs: 1131 - Retrieving features of type [RefAxis] from Locomotory_Bracket-3
2019-09-16 23:27:30,414 INFO  ExportHelperExtension.cs: 1142 - Found 40 in Locomotory_Bracket-3
2019-09-16 23:27:30,415 INFO  ExportHelperExtension.cs: 1152 - Found 0 features of type [RefAxis] in Locomotory_Bracket-3
2019-09-16 23:27:30,416 INFO  ExportHelperExtension.cs: 1131 - Retrieving features of type [RefAxis] from Omni Wheel Final assembly-1
2019-09-16 23:27:30,416 INFO  ExportHelperExtension.cs: 1142 - Found 41 in Omni Wheel Final assembly-1
2019-09-16 23:27:30,417 INFO  ExportHelperExtension.cs: 1152 - Found 0 features of type [RefAxis] in Omni Wheel Final assembly-1
2019-09-16 23:27:30,417 INFO  ExportHelperExtension.cs: 1131 - Retrieving features of type [RefAxis] from Omni Wheel Final assembly-2
2019-09-16 23:27:30,417 INFO  ExportHelperExtension.cs: 1142 - Found 41 in Omni Wheel Final assembly-2
2019-09-16 23:27:30,418 INFO  ExportHelperExtension.cs: 1152 - Found 0 features of type [RefAxis] in Omni Wheel Final assembly-2
2019-09-16 23:27:30,418 INFO  ExportHelperExtension.cs: 1131 - Retrieving features of type [RefAxis] from Omni Wheel Final assembly-3
2019-09-16 23:27:30,419 INFO  ExportHelperExtension.cs: 1142 - Found 41 in Omni Wheel Final assembly-3
2019-09-16 23:27:30,419 INFO  ExportHelperExtension.cs: 1152 - Found 0 features of type [RefAxis] in Omni Wheel Final assembly-3
2019-09-16 23:27:30,885 INFO  SwAddin.cs: 316 - Loading config tree
2019-09-16 23:27:30,889 INFO  ExportPropertyManagerExtension.cs: 597 - Starting new configuration
2019-09-16 23:27:30,894 INFO  SwAddin.cs: 321 - Showing property manager
2019-09-16 23:27:41,367 INFO  ExportPropertyManager.cs: 1178 - OnNumberBoxTrackingCompleted called. This method no longer throws an Exception. It just silently does nothing. Ok, except for this logging message
2019-09-16 23:27:42,147 INFO  ExportPropertyManager.cs: 1178 - OnNumberBoxTrackingCompleted called. This method no longer throws an Exception. It just silently does nothing. Ok, except for this logging message
2019-09-16 23:27:42,611 INFO  ExportPropertyManager.cs: 1178 - OnNumberBoxTrackingCompleted called. This method no longer throws an Exception. It just silently does nothing. Ok, except for this logging message
2019-09-16 23:28:00,199 INFO  ExportPropertyManager.cs: 1078 - OnListboxSelectionChanged called. This method no longer throws an Exception. It just silently does nothing. Ok, except for this logging message
2019-09-16 23:28:08,509 INFO  ExportPropertyManager.cs: 1078 - OnListboxSelectionChanged called. This method no longer throws an Exception. It just silently does nothing. Ok, except for this logging message
2019-09-16 23:29:03,933 INFO  ExportPropertyManager.cs: 1060 - OnComboboxSelectionChanged called. This method no longer throws an Exception. It just silently does nothing. Ok, except for this logging message
2019-09-16 23:29:40,682 INFO  ExportPropertyManager.cs: 1060 - OnComboboxSelectionChanged called. This method no longer throws an Exception. It just silently does nothing. Ok, except for this logging message
2019-09-16 23:29:50,747 INFO  ExportPropertyManager.cs: 1060 - OnComboboxSelectionChanged called. This method no longer throws an Exception. It just silently does nothing. Ok, except for this logging message
2019-09-16 23:30:15,523 INFO  ExportPropertyManager.cs: 1060 - OnComboboxSelectionChanged called. This method no longer throws an Exception. It just silently does nothing. Ok, except for this logging message
2019-09-16 23:30:27,568 INFO  ExportPropertyManager.cs: 456 - Configuration saved
2019-09-16 23:30:31,821 INFO  ExportHelperExtension.cs: 338 - Creating joint wheel_1
2019-09-16 23:30:31,830 INFO  ExportHelperExtension.cs: 1409 - Fixing components for base_link
2019-09-16 23:30:31,832 INFO  ExportHelperExtension.cs: 1414 - Fixing 23
2019-09-16 23:30:31,833 INFO  ExportHelperExtension.cs: 1422 - Component 23 is already fixed
2019-09-16 23:30:31,834 INFO  ExportHelperExtension.cs: 1414 - Fixing 37
2019-09-16 23:30:31,834 INFO  ExportHelperExtension.cs: 1414 - Fixing 39
2019-09-16 23:30:31,834 INFO  ExportHelperExtension.cs: 1414 - Fixing 24
2019-09-16 23:30:31,834 INFO  ExportHelperExtension.cs: 1414 - Fixing 95
2019-09-16 23:30:31,835 INFO  ExportHelperExtension.cs: 1414 - Fixing 91
2019-09-16 23:30:31,835 INFO  ExportHelperExtension.cs: 1414 - Fixing 104
2019-09-16 23:30:32,428 INFO  : 0 - R1: 1, System.__ComObject, 1, System.Double[]
2019-09-16 23:30:32,435 INFO  ExportHelperExtension.cs: 844 - R2: 0, 0
2019-09-16 23:30:32,435 INFO  ExportHelperExtension.cs: 852 - L1: 0
2019-09-16 23:30:32,436 INFO  ExportHelperExtension.cs: 860 - L2: 0
2019-09-16 23:30:32,481 INFO  ExportHelperExtension.cs: 1364 - Unfixing component 37
2019-09-16 23:30:32,482 INFO  ExportHelperExtension.cs: 1364 - Unfixing component 39
2019-09-16 23:30:32,482 INFO  ExportHelperExtension.cs: 1364 - Unfixing component 24
2019-09-16 23:30:32,482 INFO  ExportHelperExtension.cs: 1364 - Unfixing component 95
2019-09-16 23:30:32,483 INFO  ExportHelperExtension.cs: 1364 - Unfixing component 91
2019-09-16 23:30:32,483 INFO  ExportHelperExtension.cs: 1364 - Unfixing component 104
2019-09-16 23:30:36,419 WARN  ExportHelperExtension.cs: 342 - Creating joint from parent base_link to child wheel_1 failed
2019-09-16 23:30:36,537 INFO  ExportHelperExtension.cs: 338 - Creating joint wheel_2
2019-09-16 23:30:36,537 INFO  ExportHelperExtension.cs: 1409 - Fixing components for base_link
2019-09-16 23:30:36,538 INFO  ExportHelperExtension.cs: 1414 - Fixing 23
2019-09-16 23:30:36,538 INFO  ExportHelperExtension.cs: 1422 - Component 23 is already fixed
2019-09-16 23:30:36,538 INFO  ExportHelperExtension.cs: 1414 - Fixing 37
2019-09-16 23:30:36,539 INFO  ExportHelperExtension.cs: 1414 - Fixing 39
2019-09-16 23:30:36,539 INFO  ExportHelperExtension.cs: 1414 - Fixing 24
2019-09-16 23:30:36,539 INFO  ExportHelperExtension.cs: 1414 - Fixing 95
2019-09-16 23:30:36,540 INFO  ExportHelperExtension.cs: 1414 - Fixing 91
2019-09-16 23:30:36,540 INFO  ExportHelperExtension.cs: 1414 - Fixing 104
2019-09-16 23:30:36,934 INFO  ExportHelperExtension.cs: 831 - R1: 1, System.__ComObject, 1, System.Double[]
2019-09-16 23:30:36,934 INFO  ExportHelperExtension.cs: 844 - R2: 0, 0
2019-09-16 23:30:36,934 INFO  ExportHelperExtension.cs: 852 - L1: 0
2019-09-16 23:30:36,934 INFO  ExportHelperExtension.cs: 860 - L2: 0
2019-09-16 23:30:36,934 INFO  ExportHelperExtension.cs: 1364 - Unfixing component 37
2019-09-16 23:30:36,936 INFO  ExportHelperExtension.cs: 1364 - Unfixing component 39
2019-09-16 23:30:36,936 INFO  ExportHelperExtension.cs: 1364 - Unfixing component 24
2019-09-16 23:30:36,936 INFO  ExportHelperExtension.cs: 1364 - Unfixing component 95
2019-09-16 23:30:36,936 INFO  ExportHelperExtension.cs: 1364 - Unfixing component 91
2019-09-16 23:30:36,936 INFO  ExportHelperExtension.cs: 1364 - Unfixing component 104
2019-09-16 23:30:40,156 WARN  ExportHelperExtension.cs: 342 - Creating joint from parent base_link to child wheel_2 failed
2019-09-16 23:30:40,216 INFO  ExportHelperExtension.cs: 338 - Creating joint wheel_3
2019-09-16 23:30:40,216 INFO  ExportHelperExtension.cs: 1409 - Fixing components for base_link
2019-09-16 23:30:40,216 INFO  ExportHelperExtension.cs: 1414 - Fixing 23
2019-09-16 23:30:40,217 INFO  ExportHelperExtension.cs: 1422 - Component 23 is already fixed
2019-09-16 23:30:40,217 INFO  ExportHelperExtension.cs: 1414 - Fixing 37
2019-09-16 23:30:40,217 INFO  ExportHelperExtension.cs: 1414 - Fixing 39
2019-09-16 23:30:40,218 INFO  ExportHelperExtension.cs: 1414 - Fixing 24
2019-09-16 23:30:40,218 INFO  ExportHelperExtension.cs: 1414 - Fixing 95
2019-09-16 23:30:40,218 INFO  ExportHelperExtension.cs: 1414 - Fixing 91
2019-09-16 23:30:40,219 INFO  ExportHelperExtension.cs: 1414 - Fixing 104
2019-09-16 23:30:40,601 INFO  ExportHelperExtension.cs: 831 - R1: 1, System.__ComObject, 1, System.Double[]
2019-09-16 23:30:40,601 INFO  ExportHelperExtension.cs: 844 - R2: 0, 0
2019-09-16 23:30:40,602 INFO  ExportHelperExtension.cs: 852 - L1: 0
2019-09-16 23:30:40,602 INFO  ExportHelperExtension.cs: 860 - L2: 0
2019-09-16 23:30:40,602 INFO  ExportHelperExtension.cs: 1364 - Unfixing component 37
2019-09-16 23:30:40,603 INFO  ExportHelperExtension.cs: 1364 - Unfixing component 39
2019-09-16 23:30:40,603 INFO  ExportHelperExtension.cs: 1364 - Unfixing component 24
2019-09-16 23:30:40,603 INFO  ExportHelperExtension.cs: 1364 - Unfixing component 95
2019-09-16 23:30:40,604 INFO  ExportHelperExtension.cs: 1364 - Unfixing component 91
2019-09-16 23:30:40,604 INFO  ExportHelperExtension.cs: 1364 - Unfixing component 104
2019-09-16 23:30:43,917 WARN  ExportHelperExtension.cs: 342 - Creating joint from parent base_link to child wheel_3 failed
2019-09-16 23:30:44,166 INFO  ExportHelperExtension.cs: 1131 - Retrieving features of type [CoordSys] from base
2019-09-16 23:30:44,263 INFO  ExportHelperExtension.cs: 1142 - Found 64 in base
2019-09-16 23:30:44,263 INFO  ExportHelperExtension.cs: 1152 - Found 4 features of type [CoordSys] in base
2019-09-16 23:30:44,264 INFO  ExportHelperExtension.cs: 1155 - Proceeding through assembly components
2019-09-16 23:30:44,264 INFO  ExportHelperExtension.cs: 1167 - 10 components to check
2019-09-16 23:30:44,265 INFO  ExportHelperExtension.cs: 1131 - Retrieving features of type [CoordSys] from motor-3
2019-09-16 23:30:44,265 INFO  ExportHelperExtension.cs: 1142 - Found 45 in motor-3
2019-09-16 23:30:44,266 INFO  ExportHelperExtension.cs: 1152 - Found 0 features of type [CoordSys] in motor-3
2019-09-16 23:30:44,266 INFO  ExportHelperExtension.cs: 1131 - Retrieving features of type [CoordSys] from motor-2
2019-09-16 23:30:44,266 INFO  ExportHelperExtension.cs: 1142 - Found 45 in motor-2
2019-09-16 23:30:44,267 INFO  ExportHelperExtension.cs: 1152 - Found 0 features of type [CoordSys] in motor-2
2019-09-16 23:30:44,267 INFO  ExportHelperExtension.cs: 1131 - Retrieving features of type [CoordSys] from motor-1
2019-09-16 23:30:44,267 INFO  ExportHelperExtension.cs: 1142 - Found 45 in motor-1
2019-09-16 23:30:44,268 INFO  ExportHelperExtension.cs: 1152 - Found 0 features of type [CoordSys] in motor-1
2019-09-16 23:30:44,268 INFO  ExportHelperExtension.cs: 1131 - Retrieving features of type [CoordSys] from Locomotory_Bracket-2
2019-09-16 23:30:44,269 INFO  ExportHelperExtension.cs: 1142 - Found 40 in Locomotory_Bracket-2
2019-09-16 23:30:44,269 INFO  ExportHelperExtension.cs: 1152 - Found 0 features of type [CoordSys] in Locomotory_Bracket-2
2019-09-16 23:30:44,270 INFO  ExportHelperExtension.cs: 1131 - Retrieving features of type [CoordSys] from Base-1
2019-09-16 23:30:44,270 INFO  ExportHelperExtension.cs: 1142 - Found 26 in Base-1
2019-09-16 23:30:44,271 INFO  ExportHelperExtension.cs: 1152 - Found 0 features of type [CoordSys] in Base-1
2019-09-16 23:30:44,271 INFO  ExportHelperExtension.cs: 1131 - Retrieving features of type [CoordSys] from Locomotory_Bracket-1
2019-09-16 23:30:44,272 INFO  ExportHelperExtension.cs: 1142 - Found 40 in Locomotory_Bracket-1
2019-09-16 23:30:44,272 INFO  ExportHelperExtension.cs: 1152 - Found 0 features of type [CoordSys] in Locomotory_Bracket-1
2019-09-16 23:30:44,272 INFO  ExportHelperExtension.cs: 1131 - Retrieving features of type [CoordSys] from Locomotory_Bracket-3
2019-09-16 23:30:44,273 INFO  ExportHelperExtension.cs: 1142 - Found 40 in Locomotory_Bracket-3
2019-09-16 23:30:44,273 INFO  ExportHelperExtension.cs: 1152 - Found 0 features of type [CoordSys] in Locomotory_Bracket-3
2019-09-16 23:30:44,274 INFO  ExportHelperExtension.cs: 1131 - Retrieving features of type [CoordSys] from Omni Wheel Final assembly-1
2019-09-16 23:30:44,274 INFO  ExportHelperExtension.cs: 1142 - Found 41 in Omni Wheel Final assembly-1
2019-09-16 23:30:44,275 INFO  ExportHelperExtension.cs: 1152 - Found 0 features of type [CoordSys] in Omni Wheel Final assembly-1
2019-09-16 23:30:44,275 INFO  ExportHelperExtension.cs: 1131 - Retrieving features of type [CoordSys] from Omni Wheel Final assembly-2
2019-09-16 23:30:44,275 INFO  ExportHelperExtension.cs: 1142 - Found 41 in Omni Wheel Final assembly-2
2019-09-16 23:30:44,276 INFO  ExportHelperExtension.cs: 1152 - Found 0 features of type [CoordSys] in Omni Wheel Final assembly-2
2019-09-16 23:30:44,276 INFO  ExportHelperExtension.cs: 1131 - Retrieving features of type [CoordSys] from Omni Wheel Final assembly-3
2019-09-16 23:30:44,277 INFO  ExportHelperExtension.cs: 1142 - Found 41 in Omni Wheel Final assembly-3
2019-09-16 23:30:44,277 INFO  ExportHelperExtension.cs: 1152 - Found 0 features of type [CoordSys] in Omni Wheel Final assembly-3
2019-09-16 23:30:44,280 INFO  ExportHelperExtension.cs: 1131 - Retrieving features of type [RefAxis] from base
2019-09-16 23:30:44,280 INFO  ExportHelperExtension.cs: 1142 - Found 64 in base
2019-09-16 23:30:44,281 INFO  ExportHelperExtension.cs: 1152 - Found 3 features of type [RefAxis] in base
2019-09-16 23:30:44,281 INFO  ExportHelperExtension.cs: 1155 - Proceeding through assembly components
2019-09-16 23:30:44,281 INFO  ExportHelperExtension.cs: 1167 - 10 components to check
2019-09-16 23:30:44,282 INFO  ExportHelperExtension.cs: 1131 - Retrieving features of type [RefAxis] from motor-3
2019-09-16 23:30:44,282 INFO  ExportHelperExtension.cs: 1142 - Found 45 in motor-3
2019-09-16 23:30:44,283 INFO  ExportHelperExtension.cs: 1152 - Found 0 features of type [RefAxis] in motor-3
2019-09-16 23:30:44,283 INFO  ExportHelperExtension.cs: 1131 - Retrieving features of type [RefAxis] from motor-2
2019-09-16 23:30:44,283 INFO  ExportHelperExtension.cs: 1142 - Found 45 in motor-2
2019-09-16 23:30:44,284 INFO  ExportHelperExtension.cs: 1152 - Found 0 features of type [RefAxis] in motor-2
2019-09-16 23:30:44,284 INFO  ExportHelperExtension.cs: 1131 - Retrieving features of type [RefAxis] from motor-1
2019-09-16 23:30:44,284 INFO  ExportHelperExtension.cs: 1142 - Found 45 in motor-1
2019-09-16 23:30:44,285 INFO  ExportHelperExtension.cs: 1152 - Found 0 features of type [RefAxis] in motor-1
2019-09-16 23:30:44,285 INFO  ExportHelperExtension.cs: 1131 - Retrieving features of type [RefAxis] from Locomotory_Bracket-2
2019-09-16 23:30:44,286 INFO  ExportHelperExtension.cs: 1142 - Found 40 in Locomotory_Bracket-2
2019-09-16 23:30:44,286 INFO  ExportHelperExtension.cs: 1152 - Found 0 features of type [RefAxis] in Locomotory_Bracket-2
2019-09-16 23:30:44,286 INFO  ExportHelperExtension.cs: 1131 - Retrieving features of type [RefAxis] from Base-1
2019-09-16 23:30:44,287 INFO  ExportHelperExtension.cs: 1142 - Found 26 in Base-1
2019-09-16 23:30:44,287 INFO  ExportHelperExtension.cs: 1152 - Found 0 features of type [RefAxis] in Base-1
2019-09-16 23:30:44,288 INFO  ExportHelperExtension.cs: 1131 - Retrieving features of type [RefAxis] from Locomotory_Bracket-1
2019-09-16 23:30:44,288 INFO  ExportHelperExtension.cs: 1142 - Found 40 in Locomotory_Bracket-1
2019-09-16 23:30:44,288 INFO  ExportHelperExtension.cs: 1152 - Found 0 features of type [RefAxis] in Locomotory_Bracket-1
2019-09-16 23:30:44,289 INFO  ExportHelperExtension.cs: 1131 - Retrieving features of type [RefAxis] from Locomotory_Bracket-3
2019-09-16 23:30:44,289 INFO  ExportHelperExtension.cs: 1142 - Found 40 in Locomotory_Bracket-3
2019-09-16 23:30:44,290 INFO  ExportHelperExtension.cs: 1152 - Found 0 features of type [RefAxis] in Locomotory_Bracket-3
2019-09-16 23:30:44,290 INFO  ExportHelperExtension.cs: 1131 - Retrieving features of type [RefAxis] from Omni Wheel Final assembly-1
2019-09-16 23:30:44,290 INFO  ExportHelperExtension.cs: 1142 - Found 41 in Omni Wheel Final assembly-1
2019-09-16 23:30:44,291 INFO  ExportHelperExtension.cs: 1152 - Found 0 features of type [RefAxis] in Omni Wheel Final assembly-1
2019-09-16 23:30:44,291 INFO  ExportHelperExtension.cs: 1131 - Retrieving features of type [RefAxis] from Omni Wheel Final assembly-2
2019-09-16 23:30:44,292 INFO  ExportHelperExtension.cs: 1142 - Found 41 in Omni Wheel Final assembly-2
2019-09-16 23:30:44,292 INFO  ExportHelperExtension.cs: 1152 - Found 0 features of type [RefAxis] in Omni Wheel Final assembly-2
2019-09-16 23:30:44,292 INFO  ExportHelperExtension.cs: 1131 - Retrieving features of type [RefAxis] from Omni Wheel Final assembly-3
2019-09-16 23:30:44,293 INFO  ExportHelperExtension.cs: 1142 - Found 41 in Omni Wheel Final assembly-3
2019-09-16 23:30:44,293 INFO  ExportHelperExtension.cs: 1152 - Found 0 features of type [RefAxis] in Omni Wheel Final assembly-3
2019-09-16 23:30:44,346 INFO  ExportPropertyManager.cs: 1184 - AfterClose called. This method no longer throws an Exception. It just silently does nothing. Ok, except for this logging message
2019-09-17 00:06:26,564 INFO  AssemblyExportForm.cs: 254 - Completing URDF export
2019-09-17 00:06:26,948 INFO  Serialization.cs: 275 - URDF Configuration found
<Link z:Id="i1" xmlns="http://schemas.datacontract.org/2004/07/SW2URDF" xmlns:i="http://www.w3.org/2001/XMLSchema-instance" xmlns:z="http://schemas.microsoft.com/2003/10/Serialization/"><Attributes><Attribute z:Id="i2"><AttributeType>name</AttributeType><IsRequired>true</IsRequired><Value i:type="a:string" xmlns:a="http://www.w3.org/2001/XMLSchema">base_link</Value></Attribute></Attributes><ChildElements><URDFElement z:Id="i3" i:type="Inertial"><Attributes/><ChildElements><URDFElement z:Id="i4" i:type="Origin"><Attributes><Attribute z:Id="i5"><AttributeType>xyz</AttributeType><IsRequired>true</IsRequired><Value i:type="a:ArrayOfdouble" xmlns:a="http://schemas.microsoft.com/2003/10/Serialization/Arrays"><a:double>0</a:double><a:double>0</a:double><a:double>0</a:double></Value></Attribute><Attribute z:Id="i6"><AttributeType>rpy</AttributeType><IsRequired>true</IsRequired><Value i:type="a:ArrayOfdouble" xmlns:a="http://schemas.microsoft.com/2003/10/Serialization/Arrays"><a:double>0</a:double><a:double>0</a:double><a:double>0</a:double></Value></Attribute></Attributes><ChildElements/><ElementName>origin</ElementName><required>false</required><RPYAttribute z:Ref="i6"/><XYZAttribute z:Ref="i5"/><isCustomized>false</isCustomized></URDFElement><URDFElement z:Id="i7" i:type="Mass"><Attributes><Attribute z:Id="i8"><AttributeType>value</AttributeType><IsRequired>true</IsRequired><Value i:type="a:double" xmlns:a="http://www.w3.org/2001/XMLSchema">0</Value></Attribute></Attributes><ChildElements/><ElementName>mass</ElementName><required>false</required><ValueAttribute z:Ref="i8"/></URDFElement><URDFElement z:Id="i9" i:type="Inertia"><Attributes><Attribute z:Id="i10"><AttributeType>ixx</AttributeType><IsRequired>true</IsRequired><Value i:type="a:double" xmlns:a="http://www.w3.org/2001/XMLSchema">0</Value></Attribute><Attribute z:Id="i11"><AttributeType>ixy</AttributeType><IsRequired>true</IsRequired><Value i:type="a:double" xmlns:a="http://www.w3.org/2001/XMLSchema">0</Value></Attribute><Attribute z:Id="i12"><AttributeType>ixz</AttributeType><IsRequired>true</IsRequired><Value i:type="a:double" xmlns:a="http://www.w3.org/2001/XMLSchema">0</Value></Attribute><Attribute z:Id="i13"><AttributeType>iyy</AttributeType><IsRequired>true</IsRequired><Value i:type="a:double" xmlns:a="http://www.w3.org/2001/XMLSchema">0</Value></Attribute><Attribute z:Id="i14"><AttributeType>iyz</AttributeType><IsRequired>true</IsRequired><Value i:type="a:double" xmlns:a="http://www.w3.org/2001/XMLSchema">0</Value></Attribute><Attribute z:Id="i15"><AttributeType>izz</AttributeType><IsRequired>true</IsRequired><Value i:type="a:double" xmlns:a="http://www.w3.org/2001/XMLSchema">0</Value></Attribute></Attributes><ChildElements/><ElementName>inertia</ElementName><required>false</required><IxxAttribute z:Ref="i10"/><IxyAttribute z:Ref="i11"/><IxzAttribute z:Ref="i12"/><IyyAttribute z:Ref="i13"/><IyzAttribute z:Ref="i14"/><IzzAttribute z:Ref="i15"/></URDFElement></ChildElements><ElementName>inertial</ElementName><required>false</required><Inertia z:Ref="i9"/><Mass z:Ref="i7"/><Origin z:Ref="i4"/></URDFElement><URDFElement z:Id="i16" i:type="Visual"><Attributes/><ChildElements><URDFElement z:Id="i17" i:type="Origin"><Attributes><Attribute z:Id="i18"><AttributeType>xyz</AttributeType><IsRequired>true</IsRequired><Value i:type="a:ArrayOfdouble" xmlns:a="http://schemas.microsoft.com/2003/10/Serialization/Arrays"><a:double>0</a:double><a:double>0</a:double><a:double>0</a:double></Value></Attribute><Attribute z:Id="i19"><AttributeType>rpy</AttributeType><IsRequired>true</IsRequired><Value i:type="a:ArrayOfdouble" xmlns:a="http://schemas.microsoft.com/2003/10/Serialization/Arrays"><a:double>0</a:double><a:double>0</a:double><a:double>0</a:double></Value></Attribute></Attributes><ChildElements/><ElementName>origin</ElementName><required>false</required><RPYAttribute z:Ref="i19"/><XYZAttribute z:Ref="i18"/><isCustomized>false</isCustomized></URDFElement><URDFElement z:Id="i20" i:type="Geometry"><Attributes/><ChildElements><URDFElement z:Id="i21" i:type="Mesh"><Attributes><Attribute z:Id="i22"><AttributeType>filename</AttributeType><IsRequired>true</IsRequired><Value i:nil="true"/></Attribute></Attributes><ChildElements/><ElementName>mesh</ElementName><required>false</required><FilenameAttribute z:Ref="i22"/></URDFElement></ChildElements><ElementName>geometry</ElementName><required>true</required><Mesh z:Ref="i21"/></URDFElement><URDFElement z:Id="i23" i:type="Material"><Attributes><Attribute z:Id="i24"><AttributeType>name</AttributeType><IsRequired>true</IsRequired><Value i:type="a:string" xmlns:a="http://www.w3.org/2001/XMLSchema"/></Attribute></Attributes><ChildElements><URDFElement z:Id="i25" i:type="Color"><Attributes><Attribute z:Id="i26"><AttributeType>rgba</AttributeType><IsRequired>true</IsRequired><Value i:type="a:ArrayOfdouble" xmlns:a="http://schemas.microsoft.com/2003/10/Serialization/Arrays"><a:double>1</a:double><a:double>1</a:double><a:double>1</a:double><a:double>1</a:double></Value></Attribute></Attributes><ChildElements/><ElementName>color</ElementName><required>false</required><RGBAAttribute z:Ref="i26"/></URDFElement><URDFElement z:Id="i27" i:type="Texture"><Attributes><Attribute z:Id="i28"><AttributeType>filename</AttributeType><IsRequired>true</IsRequired><Value i:nil="true"/></Attribute></Attributes><ChildElements/><ElementName>texture</ElementName><required>false</required><FilenameAttribute z:Ref="i28"/><wFilename/></URDFElement></ChildElements><ElementName>material</ElementName><required>false</required><Color z:Ref="i25"/><NameAttribute z:Ref="i24"/><Texture z:Ref="i27"/></URDFElement></ChildElements><ElementName>visual</ElementName><required>false</required><Geometry z:Ref="i20"/><Material z:Ref="i23"/><Origin z:Ref="i17"/></URDFElement><URDFElement z:Id="i29" i:type="Collision"><Attributes/><ChildElements><URDFElement z:Id="i30" i:type="Origin"><Attributes><Attribute z:Id="i31"><AttributeType>xyz</AttributeType><IsRequired>true</IsRequired><Value i:type="a:ArrayOfdouble" xmlns:a="http://schemas.microsoft.com/2003/10/Serialization/Arrays"><a:double>0</a:double><a:double>0</a:double><a:double>0</a:double></Value></Attribute><Attribute z:Id="i32"><AttributeType>rpy</AttributeType><IsRequired>true</IsRequired><Value i:type="a:ArrayOfdouble" xmlns:a="http://schemas.microsoft.com/2003/10/Serialization/Arrays"><a:double>0</a:double><a:double>0</a:double><a:double>0</a:double></Value></Attribute></Attributes><ChildElements/><ElementName>origin</ElementName><required>false</required><RPYAttribute z:Ref="i32"/><XYZAttribute z:Ref="i31"/><isCustomized>false</isCustomized></URDFElement><URDFElement z:Id="i33" i:type="Geometry"><Attributes/><ChildElements><URDFElement z:Id="i34" i:type="Mesh"><Attributes><Attribute z:Id="i35"><AttributeType>filename</AttributeType><IsRequired>true</IsRequired><Value i:nil="true"/></Attribute></Attributes><ChildElements/><ElementName>mesh</ElementName><required>false</required><FilenameAttribute z:Ref="i35"/></URDFElement></ChildElements><ElementName>geometry</ElementName><required>true</required><Mesh z:Ref="i34"/></URDFElement></ChildElements><ElementName>collision</ElementName><required>false</required><Geometry z:Ref="i33"/><Origin z:Ref="i30"/></URDFElement><URDFElement z:Id="i36" i:type="Joint"><Attributes><Attribute z:Id="i37"><AttributeType>name</AttributeType><IsRequired>true</IsRequired><Value i:type="a:string" xmlns:a="http://www.w3.org/2001/XMLSchema"/></Attribute><Attribute z:Id="i38"><AttributeType>type</AttributeType><IsRequired>true</IsRequired><Value i:type="a:string" xmlns:a="http://www.w3.org/2001/XMLSchema"/></Attribute></Attributes><ChildElements><URDFElement z:Id="i39" i:type="Origin"><Attributes><Attribute z:Id="i40"><AttributeType>xyz</AttributeType><IsRequired>true</IsRequired><Value i:type="a:ArrayOfdouble" xmlns:a="http://schemas.microsoft.com/2003/10/Serialization/Arrays"><a:double>0</a:double><a:double>0</a:double><a:double>0</a:double></Value></Attribute><Attribute z:Id="i41"><AttributeType>rpy</AttributeType><IsRequired>true</IsRequired><Value i:type="a:ArrayOfdouble" xmlns:a="http://schemas.microsoft.com/2003/10/Serialization/Arrays"><a:double>0</a:double><a:double>0</a:double><a:double>0</a:double></Value></Attribute></Attributes><ChildElements/><ElementName>origin</ElementName><required>false</required><RPYAttribute z:Ref="i41"/><XYZAttribute z:Ref="i40"/><isCustomized>false</isCustomized></URDFElement><URDFElement z:Id="i42" i:type="ParentLink"><Attributes><Attribute z:Id="i43"><AttributeType>link</AttributeType><IsRequired>true</IsRequired><Value i:type="a:string" xmlns:a="http://www.w3.org/2001/XMLSchema"/></Attribute></Attributes><ChildElements/><ElementName>parent</ElementName><required>true</required><NameAttribute z:Ref="i43"/></URDFElement><URDFElement z:Id="i44" i:type="ChildLink"><Attributes><Attribute z:Id="i45"><AttributeType>link</AttributeType><IsRequired>true</IsRequired><Value i:type="a:string" xmlns:a="http://www.w3.org/2001/XMLSchema"/></Attribute></Attributes><ChildElements/><ElementName>child</ElementName><required>true</required><NameAttribute z:Ref="i45"/></URDFElement><URDFElement z:Id="i46" i:type="Axis"><Attributes><Attribute z:Id="i47"><AttributeType>xyz</AttributeType><IsRequired>true</IsRequired><Value i:type="a:ArrayOfdouble" xmlns:a="http://schemas.microsoft.com/2003/10/Serialization/Arrays"><a:double>0</a:double><a:double>0</a:double><a:double>0</a:double></Value></Attribute></Attributes><ChildElements/><ElementName>axis</ElementName><required>false</required><XYZAttribute z:Ref="i47"/></URDFElement><URDFElement z:Id="i48" i:type="Limit"><Attributes><Attribute z:Id="i49"><AttributeType>lower</AttributeType><IsRequired>false</IsRequired><Value i:nil="true"/></Attribute><Attribute z:Id="i50"><AttributeType>upper</AttributeType><IsRequired>false</IsRequired><Value i:nil="true"/></Attribute><Attribute z:Id="i51"><AttributeType>effort</AttributeType><IsRequired>true</IsRequired><Value i:nil="true"/></Attribute><Attribute z:Id="i52"><AttributeType>velocity</AttributeType><IsRequired>true</IsRequired><Value i:nil="true"/></Attribute></Attributes><ChildElements/><ElementName>limit</ElementName><required>false</required><EffortAttribute z:Ref="i51"/><LowerAttribute z:Ref="i49"/><UpperAttribute z:Ref="i50"/><VelocityAttribute z:Ref="i52"/></URDFElement><URDFElement z:Id="i53" i:type="Calibration"><Attributes><Attribute z:Id="i54"><AttributeType>rising</AttributeType><IsRequired>false</IsRequired><Value i:nil="true"/></Attribute><Attribute z:Id="i55"><AttributeType>falling</AttributeType><IsRequired>false</IsRequired><Value i:nil="true"/></Attribute></Attributes><ChildElements/><ElementName>calibration</ElementName><required>false</required><FallingAttribute z:Ref="i55"/><RisingAttribute z:Ref="i54"/></URDFElement><URDFElement z:Id="i56" i:type="Dynamics"><Attributes><Attribute z:Id="i57"><AttributeType>damping</AttributeType><IsRequired>false</IsRequired><Value i:nil="true"/></Attribute><Attribute z:Id="i58"><AttributeType>friction</AttributeType><IsRequired>false</IsRequired><Value i:nil="true"/></Attribute></Attributes><ChildElements/><ElementName>dynamics</ElementName><required>false</required><DampingAttribute z:Ref="i57"/><FrictionAttribute z:Ref="i58"/></URDFElement><URDFElement z:Id="i59" i:type="SafetyController"><Attributes><Attribute z:Id="i60"><AttributeType>soft_upper</AttributeType><IsRequired>false</IsRequired><Value i:nil="true"/></Attribute><Attribute z:Id="i61"><AttributeType>soft_lower</AttributeType><IsRequired>false</IsRequired><Value i:nil="true"/></Attribute><Attribute z:Id="i62"><AttributeType>k_position</AttributeType><IsRequired>false</IsRequired><Value i:nil="true"/></Attribute><Attribute z:Id="i63"><AttributeType>k_velocity</AttributeType><IsRequired>true</IsRequired><Value i:nil="true"/></Attribute></Attributes><ChildElements/><ElementName>safety_controller</ElementName><required>false</required><KPositionAttribute z:Ref="i62"/><KVelocityAttribute z:Ref="i63"/><SoftLowerAttribute z:Ref="i61"/><SoftUpperAttribute z:Ref="i60"/></URDFElement><URDFElement z:Id="i64" i:type="Mimic"><Attributes><Attribute z:Id="i65"><AttributeType>joint</AttributeType><IsRequired>true</IsRequired><Value i:nil="true"/></Attribute><Attribute z:Id="i66"><AttributeType>multiplier</AttributeType><IsRequired>false</IsRequired><Value i:nil="true"/></Attribute><Attribute z:Id="i67"><AttributeType>offset</AttributeType><IsRequired>false</IsRequired><Value i:nil="true"/></Attribute></Attributes><ChildElements/><ElementName>mimic</ElementName><required>false</required><JointNameAttribute z:Ref="i65"/><MultiplierAttribute z:Ref="i66"/><OffsetAttribute z:Ref="i67"/></URDFElement></ChildElements><ElementName>joint</ElementName><required>false</required><Axis z:Ref="i46"/><AxisName/><Calibration z:Ref="i53"/><Child z:Ref="i44"/><CoordinateSystemName>Automatically Generate</CoordinateSystemName><Dynamics z:Ref="i56"/><Limit z:Ref="i48"/><Mimic z:Ref="i64"/><NameAttribute z:Ref="i37"/><Origin z:Ref="i39"/><Parent z:Ref="i42"/><Safety z:Ref="i59"/><TypeAttribute z:Ref="i38"/></URDFElement></ChildElements><ElementName>link</ElementName><required>true</required><Children><Link z:Id="i68"><Attributes><Attribute z:Id="i69"><AttributeType>name</AttributeType><IsRequired>true</IsRequired><Value i:type="a:string" xmlns:a="http://www.w3.org/2001/XMLSchema">wheel_1</Value></Attribute></Attributes><ChildElements><URDFElement z:Id="i70" i:type="Inertial"><Attributes/><ChildElements><URDFElement z:Id="i71" i:type="Origin"><Attributes><Attribute z:Id="i72"><AttributeType>xyz</AttributeType><IsRequired>true</IsRequired><Value i:type="a:ArrayOfdouble" xmlns:a="http://schemas.microsoft.com/2003/10/Serialization/Arrays"><a:double>0</a:double><a:double>0</a:double><a:double>0</a:double></Value></Attribute><Attribute z:Id="i73"><AttributeType>rpy</AttributeType><IsRequired>true</IsRequired><Value i:type="a:ArrayOfdouble" xmlns:a="http://schemas.microsoft.com/2003/10/Serialization/Arrays"><a:double>0</a:double><a:double>0</a:double><a:double>0</a:double></Value></Attribute></Attributes><ChildElements/><ElementName>origin</ElementName><required>false</required><RPYAttribute z:Ref="i73"/><XYZAttribute z:Ref="i72"/><isCustomized>false</isCustomized></URDFElement><URDFElement z:Id="i74" i:type="Mass"><Attributes><Attribute z:Id="i75"><AttributeType>value</AttributeType><IsRequired>true</IsRequired><Value i:type="a:double" xmlns:a="http://www.w3.org/2001/XMLSchema">0</Value></Attribute></Attributes><ChildElements/><ElementName>mass</ElementName><required>false</required><ValueAttribute z:Ref="i75"/></URDFElement><URDFElement z:Id="i76" i:type="Inertia"><Attributes><Attribute z:Id="i77"><AttributeType>ixx</AttributeType><IsRequired>true</IsRequired><Value i:type="a:double" xmlns:a="http://www.w3.org/2001/XMLSchema">0</Value></Attribute><Attribute z:Id="i78"><AttributeType>ixy</AttributeType><IsRequired>true</IsRequired><Value i:type="a:double" xmlns:a="http://www.w3.org/2001/XMLSchema">0</Value></Attribute><Attribute z:Id="i79"><AttributeType>ixz</AttributeType><IsRequired>true</IsRequired><Value i:type="a:double" xmlns:a="http://www.w3.org/2001/XMLSchema">0</Value></Attribute><Attribute z:Id="i80"><AttributeType>iyy</AttributeType><IsRequired>true</IsRequired><Value i:type="a:double" xmlns:a="http://www.w3.org/2001/XMLSchema">0</Value></Attribute><Attribute z:Id="i81"><AttributeType>iyz</AttributeType><IsRequired>true</IsRequired><Value i:type="a:double" xmlns:a="http://www.w3.org/2001/XMLSchema">0</Value></Attribute><Attribute z:Id="i82"><AttributeType>izz</AttributeType><IsRequired>true</IsRequired><Value i:type="a:double" xmlns:a="http://www.w3.org/2001/XMLSchema">0</Value></Attribute></Attributes><ChildElements/><ElementName>inertia</ElementName><required>false</required><IxxAttribute z:Ref="i77"/><IxyAttribute z:Ref="i78"/><IxzAttribute z:Ref="i79"/><IyyAttribute z:Ref="i80"/><IyzAttribute z:Ref="i81"/><IzzAttribute z:Ref="i82"/></URDFElement></ChildElements><ElementName>inertial</ElementName><required>false</required><Inertia z:Ref="i76"/><Mass z:Ref="i74"/><Origin z:Ref="i71"/></URDFElement><URDFElement z:Id="i83" i:type="Visual"><Attributes/><ChildElements><URDFElement z:Id="i84" i:type="Origin"><Attributes><Attribute z:Id="i85"><AttributeType>xyz</AttributeType><IsRequired>true</IsRequired><Value i:type="a:ArrayOfdouble" xmlns:a="http://schemas.microsoft.com/2003/10/Serialization/Arrays"><a:double>0</a:double><a:double>0</a:double><a:double>0</a:double></Value></Attribute><Attribute z:Id="i86"><AttributeType>rpy</AttributeType><IsRequired>true</IsRequired><Value i:type="a:ArrayOfdouble" xmlns:a="http://schemas.microsoft.com/2003/10/Serialization/Arrays"><a:double>0</a:double><a:double>0</a:double><a:double>0</a:double></Value></Attribute></Attributes><ChildElements/><ElementName>origin</ElementName><required>false</required><RPYAttribute z:Ref="i86"/><XYZAttribute z:Ref="i85"/><isCustomized>false</isCustomized></URDFElement><URDFElement z:Id="i87" i:type="Geometry"><Attributes/><ChildElements><URDFElement z:Id="i88" i:type="Mesh"><Attributes><Attribute z:Id="i89"><AttributeType>filename</AttributeType><IsRequired>true</IsRequired><Value i:nil="true"/></Attribute></Attributes><ChildElements/><ElementName>mesh</ElementName><required>false</required><FilenameAttribute z:Ref="i89"/></URDFElement></ChildElements><ElementName>geometry</ElementName><required>true</required><Mesh z:Ref="i88"/></URDFElement><URDFElement z:Id="i90" i:type="Material"><Attributes><Attribute z:Id="i91"><AttributeType>name</AttributeType><IsRequired>true</IsRequired><Value i:type="a:string" xmlns:a="http://www.w3.org/2001/XMLSchema"/></Attribute></Attributes><ChildElements><URDFElement z:Id="i92" i:type="Color"><Attributes><Attribute z:Id="i93"><AttributeType>rgba</AttributeType><IsRequired>true</IsRequired><Value i:type="a:ArrayOfdouble" xmlns:a="http://schemas.microsoft.com/2003/10/Serialization/Arrays"><a:double>1</a:double><a:double>1</a:double><a:double>1</a:double><a:double>1</a:double></Value></Attribute></Attributes><ChildElements/><ElementName>color</ElementName><required>false</required><RGBAAttribute z:Ref="i93"/></URDFElement><URDFElement z:Id="i94" i:type="Texture"><Attributes><Attribute z:Id="i95"><AttributeType>filename</AttributeType><IsRequired>true</IsRequired><Value i:nil="true"/></Attribute></Attributes><ChildElements/><ElementName>texture</ElementName><required>false</required><FilenameAttribute z:Ref="i95"/><wFilename/></URDFElement></ChildElements><ElementName>material</ElementName><required>false</required><Color z:Ref="i92"/><NameAttribute z:Ref="i91"/><Texture z:Ref="i94"/></URDFElement></ChildElements><ElementName>visual</ElementName><required>false</required><Geometry z:Ref="i87"/><Material z:Ref="i90"/><Origin z:Ref="i84"/></URDFElement><URDFElement z:Id="i96" i:type="Collision"><Attributes/><ChildElements><URDFElement z:Id="i97" i:type="Origin"><Attributes><Attribute z:Id="i98"><AttributeType>xyz</AttributeType><IsRequired>true</IsRequired><Value i:type="a:ArrayOfdouble" xmlns:a="http://schemas.microsoft.com/2003/10/Serialization/Arrays"><a:double>0</a:double><a:double>0</a:double><a:double>0</a:double></Value></Attribute><Attribute z:Id="i99"><AttributeType>rpy</AttributeType><IsRequired>true</IsRequired><Value i:type="a:ArrayOfdouble" xmlns:a="http://schemas.microsoft.com/2003/10/Serialization/Arrays"><a:double>0</a:double><a:double>0</a:double><a:double>0</a:double></Value></Attribute></Attributes><ChildElements/><ElementName>origin</ElementName><required>false</required><RPYAttribute z:Ref="i99"/><XYZAttribute z:Ref="i98"/><isCustomized>false</isCustomized></URDFElement><URDFElement z:Id="i100" i:type="Geometry"><Attributes/><ChildElements><URDFElement z:Id="i101" i:type="Mesh"><Attributes><Attribute z:Id="i102"><AttributeType>filename</AttributeType><IsRequired>true</IsRequired><Value i:nil="true"/></Attribute></Attributes><ChildElements/><ElementName>mesh</ElementName><required>false</required><FilenameAttribute z:Ref="i102"/></URDFElement></ChildElements><ElementName>geometry</ElementName><required>true</required><Mesh z:Ref="i101"/></URDFElement></ChildElements><ElementName>collision</ElementName><required>false</required><Geometry z:Ref="i100"/><Origin z:Ref="i97"/></URDFElement><URDFElement z:Id="i103" i:type="Joint"><Attributes><Attribute z:Id="i104"><AttributeType>name</AttributeType><IsRequired>true</IsRequired><Value i:type="a:string" xmlns:a="http://www.w3.org/2001/XMLSchema">revolute_1</Value></Attribute><Attribute z:Id="i105"><AttributeType>type</AttributeType><IsRequired>true</IsRequired><Value i:type="a:string" xmlns:a="http://www.w3.org/2001/XMLSchema">revolute</Value></Attribute></Attributes><ChildElements><URDFElement z:Id="i106" i:type="Origin"><Attributes><Attribute z:Id="i107"><AttributeType>xyz</AttributeType><IsRequired>true</IsRequired><Value i:type="a:ArrayOfdouble" xmlns:a="http://schemas.microsoft.com/2003/10/Serialization/Arrays"><a:double>0</a:double><a:double>0</a:double><a:double>0</a:double></Value></Attribute><Attribute z:Id="i108"><AttributeType>rpy</AttributeType><IsRequired>true</IsRequired><Value i:type="a:ArrayOfdouble" xmlns:a="http://schemas.microsoft.com/2003/10/Serialization/Arrays"><a:double>0</a:double><a:double>0</a:double><a:double>0</a:double></Value></Attribute></Attributes><ChildElements/><ElementName>origin</ElementName><required>false</required><RPYAttribute z:Ref="i108"/><XYZAttribute z:Ref="i107"/><isCustomized>false</isCustomized></URDFElement><URDFElement z:Id="i109" i:type="ParentLink"><Attributes><Attribute z:Id="i110"><AttributeType>link</AttributeType><IsRequired>true</IsRequired><Value i:type="a:string" xmlns:a="http://www.w3.org/2001/XMLSchema"/></Attribute></Attributes><ChildElements/><ElementName>parent</ElementName><required>true</required><NameAttribute z:Ref="i110"/></URDFElement><URDFElement z:Id="i111" i:type="ChildLink"><Attributes><Attribute z:Id="i112"><AttributeType>link</AttributeType><IsRequired>true</IsRequired><Value i:type="a:string" xmlns:a="http://www.w3.org/2001/XMLSchema"/></Attribute></Attributes><ChildElements/><ElementName>child</ElementName><required>true</required><NameAttribute z:Ref="i112"/></URDFElement><URDFElement z:Id="i113" i:type="Axis"><Attributes><Attribute z:Id="i114"><AttributeType>xyz</AttributeType><IsRequired>true</IsRequired><Value i:type="a:ArrayOfdouble" xmlns:a="http://schemas.microsoft.com/2003/10/Serialization/Arrays"><a:double>0</a:double><a:double>0</a:double><a:double>0</a:double></Value></Attribute></Attributes><ChildElements/><ElementName>axis</ElementName><required>false</required><XYZAttribute z:Ref="i114"/></URDFElement><URDFElement z:Id="i115" i:type="Limit"><Attributes><Attribute z:Id="i116"><AttributeType>lower</AttributeType><IsRequired>false</IsRequired><Value i:nil="true"/></Attribute><Attribute z:Id="i117"><AttributeType>upper</AttributeType><IsRequired>false</IsRequired><Value i:nil="true"/></Attribute><Attribute z:Id="i118"><AttributeType>effort</AttributeType><IsRequired>true</IsRequired><Value i:nil="true"/></Attribute><Attribute z:Id="i119"><AttributeType>velocity</AttributeType><IsRequired>true</IsRequired><Value i:nil="true"/></Attribute></Attributes><ChildElements/><ElementName>limit</ElementName><required>false</required><EffortAttribute z:Ref="i118"/><LowerAttribute z:Ref="i116"/><UpperAttribute z:Ref="i117"/><VelocityAttribute z:Ref="i119"/></URDFElement><URDFElement z:Id="i120" i:type="Calibration"><Attributes><Attribute z:Id="i121"><AttributeType>rising</AttributeType><IsRequired>false</IsRequired><Value i:nil="true"/></Attribute><Attribute z:Id="i122"><AttributeType>falling</AttributeType><IsRequired>false</IsRequired><Value i:nil="true"/></Attribute></Attributes><ChildElements/><ElementName>calibration</ElementName><required>false</required><FallingAttribute z:Ref="i122"/><RisingAttribute z:Ref="i121"/></URDFElement><URDFElement z:Id="i123" i:type="Dynamics"><Attributes><Attribute z:Id="i124"><AttributeType>damping</AttributeType><IsRequired>false</IsRequired><Value i:nil="true"/></Attribute><Attribute z:Id="i125"><AttributeType>friction</AttributeType><IsRequired>false</IsRequired><Value i:nil="true"/></Attribute></Attributes><ChildElements/><ElementName>dynamics</ElementName><required>false</required><DampingAttribute z:Ref="i124"/><FrictionAttribute z:Ref="i125"/></URDFElement><URDFElement z:Id="i126" i:type="SafetyController"><Attributes><Attribute z:Id="i127"><AttributeType>soft_upper</AttributeType><IsRequired>false</IsRequired><Value i:nil="true"/></Attribute><Attribute z:Id="i128"><AttributeType>soft_lower</AttributeType><IsRequired>false</IsRequired><Value i:nil="true"/></Attribute><Attribute z:Id="i129"><AttributeType>k_position</AttributeType><IsRequired>false</IsRequired><Value i:nil="true"/></Attribute><Attribute z:Id="i130"><AttributeType>k_velocity</AttributeType><IsRequired>true</IsRequired><Value i:nil="true"/></Attribute></Attributes><ChildElements/><ElementName>safety_controller</ElementName><required>false</required><KPositionAttribute z:Ref="i129"/><KVelocityAttribute z:Ref="i130"/><SoftLowerAttribute z:Ref="i128"/><SoftUpperAttribute z:Ref="i127"/></URDFElement><URDFElement z:Id="i131" i:type="Mimic"><Attributes><Attribute z:Id="i132"><AttributeType>joint</AttributeType><IsRequired>true</IsRequired><Value i:nil="true"/></Attribute><Attribute z:Id="i133"><AttributeType>multiplier</AttributeType><IsRequired>false</IsRequired><Value i:nil="true"/></Attribute><Attribute z:Id="i134"><AttributeType>offset</AttributeType><IsRequired>false</IsRequired><Value i:nil="true"/></Attribute></Attributes><ChildElements/><ElementName>mimic</ElementName><required>false</required><JointNameAttribute z:Ref="i132"/><MultiplierAttribute z:Ref="i133"/><OffsetAttribute z:Ref="i134"/></URDFElement></ChildElements><ElementName>joint</ElementName><required>false</required><Axis z:Ref="i113"/><AxisName>Automatically Generate</AxisName><Calibration z:Ref="i120"/><Child z:Ref="i111"/><CoordinateSystemName>Automatically Generate</CoordinateSystemName><Dynamics z:Ref="i123"/><Limit z:Ref="i115"/><Mimic z:Ref="i131"/><NameAttribute z:Ref="i104"/><Origin z:Ref="i106"/><Parent z:Ref="i109"/><Safety z:Ref="i126"/><TypeAttribute z:Ref="i105"/></URDFElement></ChildElements><ElementName>link</ElementName><required>true</required><Children/><Collision z:Ref="i96"/><Inertial z:Ref="i70"/><Joint z:Ref="i103"/><NameAttribute z:Ref="i69"/><Parent z:Ref="i1"/><STLQualityFine>false</STLQualityFine><SWComponentPIDs xmlns:a="http://schemas.microsoft.com/2003/10/Serialization/Arrays"><a:base64Binary>+CoAAAUAAAD//v8gTwBtAG4AaQAgAFcAaABlAGUAbAAgAEYAaQBuAGEAbAAgAGEAcwBzAGUAbQBiAGwAeQAtADIAQABiAGEAcwBlAAQAAAAQAAAAAQAAAAEAAAB4AAAA</a:base64Binary></SWComponentPIDs><SWMainComponentPID i:nil="true"/><Visual z:Ref="i83"/><isFixedFrame>false</isFixedFrame><isIncomplete>false</isIncomplete></Link><Link z:Id="i135"><Attributes><Attribute z:Id="i136"><AttributeType>name</AttributeType><IsRequired>true</IsRequired><Value i:type="a:string" xmlns:a="http://www.w3.org/2001/XMLSchema">wheel_2</Value></Attribute></Attributes><ChildElements><URDFElement z:Id="i137" i:type="Inertial"><Attributes/><ChildElements><URDFElement z:Id="i138" i:type="Origin"><Attributes><Attribute z:Id="i139"><AttributeType>xyz</AttributeType><IsRequired>true</IsRequired><Value i:type="a:ArrayOfdouble" xmlns:a="http://schemas.microsoft.com/2003/10/Serialization/Arrays"><a:double>0</a:double><a:double>0</a:double><a:double>0</a:double></Value></Attribute><Attribute z:Id="i140"><AttributeType>rpy</AttributeType><IsRequired>true</IsRequired><Value i:type="a:ArrayOfdouble" xmlns:a="http://schemas.microsoft.com/2003/10/Serialization/Arrays"><a:double>0</a:double><a:double>0</a:double><a:double>0</a:double></Value></Attribute></Attributes><ChildElements/><ElementName>origin</ElementName><required>false</required><RPYAttribute z:Ref="i140"/><XYZAttribute z:Ref="i139"/><isCustomized>false</isCustomized></URDFElement><URDFElement z:Id="i141" i:type="Mass"><Attributes><Attribute z:Id="i142"><AttributeType>value</AttributeType><IsRequired>true</IsRequired><Value i:type="a:double" xmlns:a="http://www.w3.org/2001/XMLSchema">0</Value></Attribute></Attributes><ChildElements/><ElementName>mass</ElementName><required>false</required><ValueAttribute z:Ref="i142"/></URDFElement><URDFElement z:Id="i143" i:type="Inertia"><Attributes><Attribute z:Id="i144"><AttributeType>ixx</AttributeType><IsRequired>true</IsRequired><Value i:type="a:double" xmlns:a="http://www.w3.org/2001/XMLSchema">0</Value></Attribute><Attribute z:Id="i145"><AttributeType>ixy</AttributeType><IsRequired>true</IsRequired><Value i:type="a:double" xmlns:a="http://www.w3.org/2001/XMLSchema">0</Value></Attribute><Attribute z:Id="i146"><AttributeType>ixz</AttributeType><IsRequired>true</IsRequired><Value i:type="a:double" xmlns:a="http://www.w3.org/2001/XMLSchema">0</Value></Attribute><Attribute z:Id="i147"><AttributeType>iyy</AttributeType><IsRequired>true</IsRequired><Value i:type="a:double" xmlns:a="http://www.w3.org/2001/XMLSchema">0</Value></Attribute><Attribute z:Id="i148"><AttributeType>iyz</AttributeType><IsRequired>true</IsRequired><Value i:type="a:double" xmlns:a="http://www.w3.org/2001/XMLSchema">0</Value></Attribute><Attribute z:Id="i149"><AttributeType>izz</AttributeType><IsRequired>true</IsRequired><Value i:type="a:double" xmlns:a="http://www.w3.org/2001/XMLSchema">0</Value></Attribute></Attributes><ChildElements/><ElementName>inertia</ElementName><required>false</required><IxxAttribute z:Ref="i144"/><IxyAttribute z:Ref="i145"/><IxzAttribute z:Ref="i146"/><IyyAttribute z:Ref="i147"/><IyzAttribute z:Ref="i148"/><IzzAttribute z:Ref="i149"/></URDFElement></ChildElements><ElementName>inertial</ElementName><required>false</required><Inertia z:Ref="i143"/><Mass z:Ref="i141"/><Origin z:Ref="i138"/></URDFElement><URDFElement z:Id="i150" i:type="Visual"><Attributes/><ChildElements><URDFElement z:Id="i151" i:type="Origin"><Attributes><Attribute z:Id="i152"><AttributeType>xyz</AttributeType><IsRequired>true</IsRequired><Value i:type="a:ArrayOfdouble" xmlns:a="http://schemas.microsoft.com/2003/10/Serialization/Arrays"><a:double>0</a:double><a:double>0</a:double><a:double>0</a:double></Value></Attribute><Attribute z:Id="i153"><AttributeType>rpy</AttributeType><IsRequired>true</IsRequired><Value i:type="a:ArrayOfdouble" xmlns:a="http://schemas.microsoft.com/2003/10/Serialization/Arrays"><a:double>0</a:double><a:double>0</a:double><a:double>0</a:double></Value></Attribute></Attributes><ChildElements/><ElementName>origin</ElementName><required>false</required><RPYAttribute z:Ref="i153"/><XYZAttribute z:Ref="i152"/><isCustomized>false</isCustomized></URDFElement><URDFElement z:Id="i154" i:type="Geometry"><Attributes/><ChildElements><URDFElement z:Id="i155" i:type="Mesh"><Attributes><Attribute z:Id="i156"><AttributeType>filename</AttributeType><IsRequired>true</IsRequired><Value i:nil="true"/></Attribute></Attributes><ChildElements/><ElementName>mesh</ElementName><required>false</required><FilenameAttribute z:Ref="i156"/></URDFElement></ChildElements><ElementName>geometry</ElementName><required>true</required><Mesh z:Ref="i155"/></URDFElement><URDFElement z:Id="i157" i:type="Material"><Attributes><Attribute z:Id="i158"><AttributeType>name</AttributeType><IsRequired>true</IsRequired><Value i:type="a:string" xmlns:a="http://www.w3.org/2001/XMLSchema"/></Attribute></Attributes><ChildElements><URDFElement z:Id="i159" i:type="Color"><Attributes><Attribute z:Id="i160"><AttributeType>rgba</AttributeType><IsRequired>true</IsRequired><Value i:type="a:ArrayOfdouble" xmlns:a="http://schemas.microsoft.com/2003/10/Serialization/Arrays"><a:double>1</a:double><a:double>1</a:double><a:double>1</a:double><a:double>1</a:double></Value></Attribute></Attributes><ChildElements/><ElementName>color</ElementName><required>false</required><RGBAAttribute z:Ref="i160"/></URDFElement><URDFElement z:Id="i161" i:type="Texture"><Attributes><Attribute z:Id="i162"><AttributeType>filename</AttributeType><IsRequired>true</IsRequired><Value i:nil="true"/></Attribute></Attributes><ChildElements/><ElementName>texture</ElementName><required>false</required><FilenameAttribute z:Ref="i162"/><wFilename/></URDFElement></ChildElements><ElementName>material</ElementName><required>false</required><Color z:Ref="i159"/><NameAttribute z:Ref="i158"/><Texture z:Ref="i161"/></URDFElement></ChildElements><ElementName>visual</ElementName><required>false</required><Geometry z:Ref="i154"/><Material z:Ref="i157"/><Origin z:Ref="i151"/></URDFElement><URDFElement z:Id="i163" i:type="Collision"><Attributes/><ChildElements><URDFElement z:Id="i164" i:type="Origin"><Attributes><Attribute z:Id="i165"><AttributeType>xyz</AttributeType><IsRequired>true</IsRequired><Value i:type="a:ArrayOfdouble" xmlns:a="http://schemas.microsoft.com/2003/10/Serialization/Arrays"><a:double>0</a:double><a:double>0</a:double><a:double>0</a:double></Value></Attribute><Attribute z:Id="i166"><AttributeType>rpy</AttributeType><IsRequired>true</IsRequired><Value i:type="a:ArrayOfdouble" xmlns:a="http://schemas.microsoft.com/2003/10/Serialization/Arrays"><a:double>0</a:double><a:double>0</a:double><a:double>0</a:double></Value></Attribute></Attributes><ChildElements/><ElementName>origin</ElementName><required>false</required><RPYAttribute z:Ref="i166"/><XYZAttribute z:Ref="i165"/><isCustomized>false</isCustomized></URDFElement><URDFElement z:Id="i167" i:type="Geometry"><Attributes/><ChildElements><URDFElement z:Id="i168" i:type="Mesh"><Attributes><Attribute z:Id="i169"><AttributeType>filename</AttributeType><IsRequired>true</IsRequired><Value i:nil="true"/></Attribute></Attributes><ChildElements/><ElementName>mesh</ElementName><required>false</required><FilenameAttribute z:Ref="i169"/></URDFElement></ChildElements><ElementName>geometry</ElementName><required>true</required><Mesh z:Ref="i168"/></URDFElement></ChildElements><ElementName>collision</ElementName><required>false</required><Geometry z:Ref="i167"/><Origin z:Ref="i164"/></URDFElement><URDFElement z:Id="i170" i:type="Joint"><Attributes><Attribute z:Id="i171"><AttributeType>name</AttributeType><IsRequired>true</IsRequired><Value i:type="a:string" xmlns:a="http://www.w3.org/2001/XMLSchema">revolute_2</Value></Attribute><Attribute z:Id="i172"><AttributeType>type</AttributeType><IsRequired>true</IsRequired><Value i:type="a:string" xmlns:a="http://www.w3.org/2001/XMLSchema">revolute</Value></Attribute></Attributes><ChildElements><URDFElement z:Id="i173" i:type="Origin"><Attributes><Attribute z:Id="i174"><AttributeType>xyz</AttributeType><IsRequired>true</IsRequired><Value i:type="a:ArrayOfdouble" xmlns:a="http://schemas.microsoft.com/2003/10/Serialization/Arrays"><a:double>0</a:double><a:double>0</a:double><a:double>0</a:double></Value></Attribute><Attribute z:Id="i175"><AttributeType>rpy</AttributeType><IsRequired>true</IsRequired><Value i:type="a:ArrayOfdouble" xmlns:a="http://schemas.microsoft.com/2003/10/Serialization/Arrays"><a:double>0</a:double><a:double>0</a:double><a:double>0</a:double></Value></Attribute></Attributes><ChildElements/><ElementName>origin</ElementName><required>false</required><RPYAttribute z:Ref="i175"/><XYZAttribute z:Ref="i174"/><isCustomized>false</isCustomized></URDFElement><URDFElement z:Id="i176" i:type="ParentLink"><Attributes><Attribute z:Id="i177"><AttributeType>link</AttributeType><IsRequired>true</IsRequired><Value i:type="a:string" xmlns:a="http://www.w3.org/2001/XMLSchema"/></Attribute></Attributes><ChildElements/><ElementName>parent</ElementName><required>true</required><NameAttribute z:Ref="i177"/></URDFElement><URDFElement z:Id="i178" i:type="ChildLink"><Attributes><Attribute z:Id="i179"><AttributeType>link</AttributeType><IsRequired>true</IsRequired><Value i:type="a:string" xmlns:a="http://www.w3.org/2001/XMLSchema"/></Attribute></Attributes><ChildElements/><ElementName>child</ElementName><required>true</required><NameAttribute z:Ref="i179"/></URDFElement><URDFElement z:Id="i180" i:type="Axis"><Attributes><Attribute z:Id="i181"><AttributeType>xyz</AttributeType><IsRequired>true</IsRequired><Value i:type="a:ArrayOfdouble" xmlns:a="http://schemas.microsoft.com/2003/10/Serialization/Arrays"><a:double>0</a:double><a:double>0</a:double><a:double>0</a:double></Value></Attribute></Attributes><ChildElements/><ElementName>axis</ElementName><required>false</required><XYZAttribute z:Ref="i181"/></URDFElement><URDFElement z:Id="i182" i:type="Limit"><Attributes><Attribute z:Id="i183"><AttributeType>lower</AttributeType><IsRequired>false</IsRequired><Value i:nil="true"/></Attribute><Attribute z:Id="i184"><AttributeType>upper</AttributeType><IsRequired>false</IsRequired><Value i:nil="true"/></Attribute><Attribute z:Id="i185"><AttributeType>effort</AttributeType><IsRequired>true</IsRequired><Value i:nil="true"/></Attribute><Attribute z:Id="i186"><AttributeType>velocity</AttributeType><IsRequired>true</IsRequired><Value i:nil="true"/></Attribute></Attributes><ChildElements/><ElementName>limit</ElementName><required>false</required><EffortAttribute z:Ref="i185"/><LowerAttribute z:Ref="i183"/><UpperAttribute z:Ref="i184"/><VelocityAttribute z:Ref="i186"/></URDFElement><URDFElement z:Id="i187" i:type="Calibration"><Attributes><Attribute z:Id="i188"><AttributeType>rising</AttributeType><IsRequired>false</IsRequired><Value i:nil="true"/></Attribute><Attribute z:Id="i189"><AttributeType>falling</AttributeType><IsRequired>false</IsRequired><Value i:nil="true"/></Attribute></Attributes><ChildElements/><ElementName>calibration</ElementName><required>false</required><FallingAttribute z:Ref="i189"/><RisingAttribute z:Ref="i188"/></URDFElement><URDFElement z:Id="i190" i:type="Dynamics"><Attributes><Attribute z:Id="i191"><AttributeType>damping</AttributeType><IsRequired>false</IsRequired><Value i:nil="true"/></Attribute><Attribute z:Id="i192"><AttributeType>friction</AttributeType><IsRequired>false</IsRequired><Value i:nil="true"/></Attribute></Attributes><ChildElements/><ElementName>dynamics</ElementName><required>false</required><DampingAttribute z:Ref="i191"/><FrictionAttribute z:Ref="i192"/></URDFElement><URDFElement z:Id="i193" i:type="SafetyController"><Attributes><Attribute z:Id="i194"><AttributeType>soft_upper</AttributeType><IsRequired>false</IsRequired><Value i:nil="true"/></Attribute><Attribute z:Id="i195"><AttributeType>soft_lower</AttributeType><IsRequired>false</IsRequired><Value i:nil="true"/></Attribute><Attribute z:Id="i196"><AttributeType>k_position</AttributeType><IsRequired>false</IsRequired><Value i:nil="true"/></Attribute><Attribute z:Id="i197"><AttributeType>k_velocity</AttributeType><IsRequired>true</IsRequired><Value i:nil="true"/></Attribute></Attributes><ChildElements/><ElementName>safety_controller</ElementName><required>false</required><KPositionAttribute z:Ref="i196"/><KVelocityAttribute z:Ref="i197"/><SoftLowerAttribute z:Ref="i195"/><SoftUpperAttribute z:Ref="i194"/></URDFElement><URDFElement z:Id="i198" i:type="Mimic"><Attributes><Attribute z:Id="i199"><AttributeType>joint</AttributeType><IsRequired>true</IsRequired><Value i:nil="true"/></Attribute><Attribute z:Id="i200"><AttributeType>multiplier</AttributeType><IsRequired>false</IsRequired><Value i:nil="true"/></Attribute><Attribute z:Id="i201"><AttributeType>offset</AttributeType><IsRequired>false</IsRequired><Value i:nil="true"/></Attribute></Attributes><ChildElements/><ElementName>mimic</ElementName><required>false</required><JointNameAttribute z:Ref="i199"/><MultiplierAttribute z:Ref="i200"/><OffsetAttribute z:Ref="i201"/></URDFElement></ChildElements><ElementName>joint</ElementName><required>false</required><Axis z:Ref="i180"/><AxisName>None</AxisName><Calibration z:Ref="i187"/><Child z:Ref="i178"/><CoordinateSystemName>Automatically Generate</CoordinateSystemName><Dynamics z:Ref="i190"/><Limit z:Ref="i182"/><Mimic z:Ref="i198"/><NameAttribute z:Ref="i171"/><Origin z:Ref="i173"/><Parent z:Ref="i176"/><Safety z:Ref="i193"/><TypeAttribute z:Ref="i172"/></URDFElement></ChildElements><ElementName>link</ElementName><required>true</required><Children/><Collision z:Ref="i163"/><Inertial z:Ref="i137"/><Joint z:Ref="i170"/><NameAttribute z:Ref="i136"/><Parent z:Ref="i1"/><STLQualityFine>false</STLQualityFine><SWComponentPIDs xmlns:a="http://schemas.microsoft.com/2003/10/Serialization/Arrays"><a:base64Binary>+CoAAAUAAAD//v8gTwBtAG4AaQAgAFcAaABlAGUAbAAgAEYAaQBuAGEAbAAgAGEAcwBzAGUAbQBiAGwAeQAtADMAQABiAGEAcwBlAAQAAAAQAAAAAQAAAAEAAAB5AAAA</a:base64Binary></SWComponentPIDs><SWMainComponentPID i:nil="true"/><Visual z:Ref="i150"/><isFixedFrame>false</isFixedFrame><isIncomplete>false</isIncomplete></Link><Link z:Id="i202"><Attributes><Attribute z:Id="i203"><AttributeType>name</AttributeType><IsRequired>true</IsRequired><Value i:type="a:string" xmlns:a="http://www.w3.org/2001/XMLSchema">wheel_3</Value></Attribute></Attributes><ChildElements><URDFElement z:Id="i204" i:type="Inertial"><Attributes/><ChildElements><URDFElement z:Id="i205" i:type="Origin"><Attributes><Attribute z:Id="i206"><AttributeType>xyz</AttributeType><IsRequired>true</IsRequired><Value i:type="a:ArrayOfdouble" xmlns:a="http://schemas.microsoft.com/2003/10/Serialization/Arrays"><a:double>0</a:double><a:double>0</a:double><a:double>0</a:double></Value></Attribute><Attribute z:Id="i207"><AttributeType>rpy</AttributeType><IsRequired>true</IsRequired><Value i:type="a:ArrayOfdouble" xmlns:a="http://schemas.microsoft.com/2003/10/Serialization/Arrays"><a:double>0</a:double><a:double>0</a:double><a:double>0</a:double></Value></Attribute></Attributes><ChildElements/><ElementName>origin</ElementName><required>false</required><RPYAttribute z:Ref="i207"/><XYZAttribute z:Ref="i206"/><isCustomized>false</isCustomized></URDFElement><URDFElement z:Id="i208" i:type="Mass"><Attributes><Attribute z:Id="i209"><AttributeType>value</AttributeType><IsRequired>true</IsRequired><Value i:type="a:double" xmlns:a="http://www.w3.org/2001/XMLSchema">0</Value></Attribute></Attributes><ChildElements/><ElementName>mass</ElementName><required>false</required><ValueAttribute z:Ref="i209"/></URDFElement><URDFElement z:Id="i210" i:type="Inertia"><Attributes><Attribute z:Id="i211"><AttributeType>ixx</AttributeType><IsRequired>true</IsRequired><Value i:type="a:double" xmlns:a="http://www.w3.org/2001/XMLSchema">0</Value></Attribute><Attribute z:Id="i212"><AttributeType>ixy</AttributeType><IsRequired>true</IsRequired><Value i:type="a:double" xmlns:a="http://www.w3.org/2001/XMLSchema">0</Value></Attribute><Attribute z:Id="i213"><AttributeType>ixz</AttributeType><IsRequired>true</IsRequired><Value i:type="a:double" xmlns:a="http://www.w3.org/2001/XMLSchema">0</Value></Attribute><Attribute z:Id="i214"><AttributeType>iyy</AttributeType><IsRequired>true</IsRequired><Value i:type="a:double" xmlns:a="http://www.w3.org/2001/XMLSchema">0</Value></Attribute><Attribute z:Id="i215"><AttributeType>iyz</AttributeType><IsRequired>true</IsRequired><Value i:type="a:double" xmlns:a="http://www.w3.org/2001/XMLSchema">0</Value></Attribute><Attribute z:Id="i216"><AttributeType>izz</AttributeType><IsRequired>true</IsRequired><Value i:type="a:double" xmlns:a="http://www.w3.org/2001/XMLSchema">0</Value></Attribute></Attributes><ChildElements/><ElementName>inertia</ElementName><required>false</required><IxxAttribute z:Ref="i211"/><IxyAttribute z:Ref="i212"/><IxzAttribute z:Ref="i213"/><IyyAttribute z:Ref="i214"/><IyzAttribute z:Ref="i215"/><IzzAttribute z:Ref="i216"/></URDFElement></ChildElements><ElementName>inertial</ElementName><required>false</required><Inertia z:Ref="i210"/><Mass z:Ref="i208"/><Origin z:Ref="i205"/></URDFElement><URDFElement z:Id="i217" i:type="Visual"><Attributes/><ChildElements><URDFElement z:Id="i218" i:type="Origin"><Attributes><Attribute z:Id="i219"><AttributeType>xyz</AttributeType><IsRequired>true</IsRequired><Value i:type="a:ArrayOfdouble" xmlns:a="http://schemas.microsoft.com/2003/10/Serialization/Arrays"><a:double>0</a:double><a:double>0</a:double><a:double>0</a:double></Value></Attribute><Attribute z:Id="i220"><AttributeType>rpy</AttributeType><IsRequired>true</IsRequired><Value i:type="a:ArrayOfdouble" xmlns:a="http://schemas.microsoft.com/2003/10/Serialization/Arrays"><a:double>0</a:double><a:double>0</a:double><a:double>0</a:double></Value></Attribute></Attributes><ChildElements/><ElementName>origin</ElementName><required>false</required><RPYAttribute z:Ref="i220"/><XYZAttribute z:Ref="i219"/><isCustomized>false</isCustomized></URDFElement><URDFElement z:Id="i221" i:type="Geometry"><Attributes/><ChildElements><URDFElement z:Id="i222" i:type="Mesh"><Attributes><Attribute z:Id="i223"><AttributeType>filename</AttributeType><IsRequired>true</IsRequired><Value i:nil="true"/></Attribute></Attributes><ChildElements/><ElementName>mesh</ElementName><required>false</required><FilenameAttribute z:Ref="i223"/></URDFElement></ChildElements><ElementName>geometry</ElementName><required>true</required><Mesh z:Ref="i222"/></URDFElement><URDFElement z:Id="i224" i:type="Material"><Attributes><Attribute z:Id="i225"><AttributeType>name</AttributeType><IsRequired>true</IsRequired><Value i:type="a:string" xmlns:a="http://www.w3.org/2001/XMLSchema"/></Attribute></Attributes><ChildElements><URDFElement z:Id="i226" i:type="Color"><Attributes><Attribute z:Id="i227"><AttributeType>rgba</AttributeType><IsRequired>true</IsRequired><Value i:type="a:ArrayOfdouble" xmlns:a="http://schemas.microsoft.com/2003/10/Serialization/Arrays"><a:double>1</a:double><a:double>1</a:double><a:double>1</a:double><a:double>1</a:double></Value></Attribute></Attributes><ChildElements/><ElementName>color</ElementName><required>false</required><RGBAAttribute z:Ref="i227"/></URDFElement><URDFElement z:Id="i228" i:type="Texture"><Attributes><Attribute z:Id="i229"><AttributeType>filename</AttributeType><IsRequired>true</IsRequired><Value i:nil="true"/></Attribute></Attributes><ChildElements/><ElementName>texture</ElementName><required>false</required><FilenameAttribute z:Ref="i229"/><wFilename/></URDFElement></ChildElements><ElementName>material</ElementName><required>false</required><Color z:Ref="i226"/><NameAttribute z:Ref="i225"/><Texture z:Ref="i228"/></URDFElement></ChildElements><ElementName>visual</ElementName><required>false</required><Geometry z:Ref="i221"/><Material z:Ref="i224"/><Origin z:Ref="i218"/></URDFElement><URDFElement z:Id="i230" i:type="Collision"><Attributes/><ChildElements><URDFElement z:Id="i231" i:type="Origin"><Attributes><Attribute z:Id="i232"><AttributeType>xyz</AttributeType><IsRequired>true</IsRequired><Value i:type="a:ArrayOfdouble" xmlns:a="http://schemas.microsoft.com/2003/10/Serialization/Arrays"><a:double>0</a:double><a:double>0</a:double><a:double>0</a:double></Value></Attribute><Attribute z:Id="i233"><AttributeType>rpy</AttributeType><IsRequired>true</IsRequired><Value i:type="a:ArrayOfdouble" xmlns:a="http://schemas.microsoft.com/2003/10/Serialization/Arrays"><a:double>0</a:double><a:double>0</a:double><a:double>0</a:double></Value></Attribute></Attributes><ChildElements/><ElementName>origin</ElementName><required>false</required><RPYAttribute z:Ref="i233"/><XYZAttribute z:Ref="i232"/><isCustomized>false</isCustomized></URDFElement><URDFElement z:Id="i234" i:type="Geometry"><Attributes/><ChildElements><URDFElement z:Id="i235" i:type="Mesh"><Attributes><Attribute z:Id="i236"><AttributeType>filename</AttributeType><IsRequired>true</IsRequired><Value i:nil="true"/></Attribute></Attributes><ChildElements/><ElementName>mesh</ElementName><required>false</required><FilenameAttribute z:Ref="i236"/></URDFElement></ChildElements><ElementName>geometry</ElementName><required>true</required><Mesh z:Ref="i235"/></URDFElement></ChildElements><ElementName>collision</ElementName><required>false</required><Geometry z:Ref="i234"/><Origin z:Ref="i231"/></URDFElement><URDFElement z:Id="i237" i:type="Joint"><Attributes><Attribute z:Id="i238"><AttributeType>name</AttributeType><IsRequired>true</IsRequired><Value i:type="a:string" xmlns:a="http://www.w3.org/2001/XMLSchema">revolute_3</Value></Attribute><Attribute z:Id="i239"><AttributeType>type</AttributeType><IsRequired>true</IsRequired><Value i:type="a:string" xmlns:a="http://www.w3.org/2001/XMLSchema">revolute</Value></Attribute></Attributes><ChildElements><URDFElement z:Id="i240" i:type="Origin"><Attributes><Attribute z:Id="i241"><AttributeType>xyz</AttributeType><IsRequired>true</IsRequired><Value i:type="a:ArrayOfdouble" xmlns:a="http://schemas.microsoft.com/2003/10/Serialization/Arrays"><a:double>0</a:double><a:double>0</a:double><a:double>0</a:double></Value></Attribute><Attribute z:Id="i242"><AttributeType>rpy</AttributeType><IsRequired>true</IsRequired><Value i:type="a:ArrayOfdouble" xmlns:a="http://schemas.microsoft.com/2003/10/Serialization/Arrays"><a:double>0</a:double><a:double>0</a:double><a:double>0</a:double></Value></Attribute></Attributes><ChildElements/><ElementName>origin</ElementName><required>false</required><RPYAttribute z:Ref="i242"/><XYZAttribute z:Ref="i241"/><isCustomized>false</isCustomized></URDFElement><URDFElement z:Id="i243" i:type="ParentLink"><Attributes><Attribute z:Id="i244"><AttributeType>link</AttributeType><IsRequired>true</IsRequired><Value i:type="a:string" xmlns:a="http://www.w3.org/2001/XMLSchema"/></Attribute></Attributes><ChildElements/><ElementName>parent</ElementName><required>true</required><NameAttribute z:Ref="i244"/></URDFElement><URDFElement z:Id="i245" i:type="ChildLink"><Attributes><Attribute z:Id="i246"><AttributeType>link</AttributeType><IsRequired>true</IsRequired><Value i:type="a:string" xmlns:a="http://www.w3.org/2001/XMLSchema"/></Attribute></Attributes><ChildElements/><ElementName>child</ElementName><required>true</required><NameAttribute z:Ref="i246"/></URDFElement><URDFElement z:Id="i247" i:type="Axis"><Attributes><Attribute z:Id="i248"><AttributeType>xyz</AttributeType><IsRequired>true</IsRequired><Value i:type="a:ArrayOfdouble" xmlns:a="http://schemas.microsoft.com/2003/10/Serialization/Arrays"><a:double>0</a:double><a:double>0</a:double><a:double>0</a:double></Value></Attribute></Attributes><ChildElements/><ElementName>axis</ElementName><required>false</required><XYZAttribute z:Ref="i248"/></URDFElement><URDFElement z:Id="i249" i:type="Limit"><Attributes><Attribute z:Id="i250"><AttributeType>lower</AttributeType><IsRequired>false</IsRequired><Value i:nil="true"/></Attribute><Attribute z:Id="i251"><AttributeType>upper</AttributeType><IsRequired>false</IsRequired><Value i:nil="true"/></Attribute><Attribute z:Id="i252"><AttributeType>effort</AttributeType><IsRequired>true</IsRequired><Value i:nil="true"/></Attribute><Attribute z:Id="i253"><AttributeType>velocity</AttributeType><IsRequired>true</IsRequired><Value i:nil="true"/></Attribute></Attributes><ChildElements/><ElementName>limit</ElementName><required>false</required><EffortAttribute z:Ref="i252"/><LowerAttribute z:Ref="i250"/><UpperAttribute z:Ref="i251"/><VelocityAttribute z:Ref="i253"/></URDFElement><URDFElement z:Id="i254" i:type="Calibration"><Attributes><Attribute z:Id="i255"><AttributeType>rising</AttributeType><IsRequired>false</IsRequired><Value i:nil="true"/></Attribute><Attribute z:Id="i256"><AttributeType>falling</AttributeType><IsRequired>false</IsRequired><Value i:nil="true"/></Attribute></Attributes><ChildElements/><ElementName>calibration</ElementName><required>false</required><FallingAttribute z:Ref="i256"/><RisingAttribute z:Ref="i255"/></URDFElement><URDFElement z:Id="i257" i:type="Dynamics"><Attributes><Attribute z:Id="i258"><AttributeType>damping</AttributeType><IsRequired>false</IsRequired><Value i:nil="true"/></Attribute><Attribute z:Id="i259"><AttributeType>friction</AttributeType><IsRequired>false</IsRequired><Value i:nil="true"/></Attribute></Attributes><ChildElements/><ElementName>dynamics</ElementName><required>false</required><DampingAttribute z:Ref="i258"/><FrictionAttribute z:Ref="i259"/></URDFElement><URDFElement z:Id="i260" i:type="SafetyController"><Attributes><Attribute z:Id="i261"><AttributeType>soft_upper</AttributeType><IsRequired>false</IsRequired><Value i:nil="true"/></Attribute><Attribute z:Id="i262"><AttributeType>soft_lower</AttributeType><IsRequired>false</IsRequired><Value i:nil="true"/></Attribute><Attribute z:Id="i263"><AttributeType>k_position</AttributeType><IsRequired>false</IsRequired><Value i:nil="true"/></Attribute><Attribute z:Id="i264"><AttributeType>k_velocity</AttributeType><IsRequired>true</IsRequired><Value i:nil="true"/></Attribute></Attributes><ChildElements/><ElementName>safety_controller</ElementName><required>false</required><KPositionAttribute z:Ref="i263"/><KVelocityAttribute z:Ref="i264"/><SoftLowerAttribute z:Ref="i262"/><SoftUpperAttribute z:Ref="i261"/></URDFElement><URDFElement z:Id="i265" i:type="Mimic"><Attributes><Attribute z:Id="i266"><AttributeType>joint</AttributeType><IsRequired>true</IsRequired><Value i:nil="true"/></Attribute><Attribute z:Id="i267"><AttributeType>multiplier</AttributeType><IsRequired>false</IsRequired><Value i:nil="true"/></Attribute><Attribute z:Id="i268"><AttributeType>offset</AttributeType><IsRequired>false</IsRequired><Value i:nil="true"/></Attribute></Attributes><ChildElements/><ElementName>mimic</ElementName><required>false</required><JointNameAttribute z:Ref="i266"/><MultiplierAttribute z:Ref="i267"/><OffsetAttribute z:Ref="i268"/></URDFElement></ChildElements><ElementName>joint</ElementName><required>false</required><Axis z:Ref="i247"/><AxisName>Automatically Generate</AxisName><Calibration z:Ref="i254"/><Child z:Ref="i245"/><CoordinateSystemName>Automatically Generate</CoordinateSystemName><Dynamics z:Ref="i257"/><Limit z:Ref="i249"/><Mimic z:Ref="i265"/><NameAttribute z:Ref="i238"/><Origin z:Ref="i240"/><Parent z:Ref="i243"/><Safety z:Ref="i260"/><TypeAttribute z:Ref="i239"/></URDFElement></ChildElements><ElementName>link</ElementName><required>true</required><Children/><Collision z:Ref="i230"/><Inertial z:Ref="i204"/><Joint z:Ref="i237"/><NameAttribute z:Ref="i203"/><Parent z:Ref="i1"/><STLQualityFine>false</STLQualityFine><SWComponentPIDs xmlns:a="http://schemas.microsoft.com/2003/10/Serialization/Arrays"><a:base64Binary>+CoAAAUAAAD//v8gTwBtAG4AaQAgAFcAaABlAGUAbAAgAEYAaQBuAGEAbAAgAGEAcwBzAGUAbQBiAGwAeQAtADEAQABiAGEAcwBlAAQAAAAQAAAAAQAAAAEAAAB3AAAA</a:base64Binary></SWComponentPIDs><SWMainComponentPID i:nil="true"/><Visual z:Ref="i217"/><isFixedFrame>false</isFixedFrame><isIncomplete>false</isIncomplete></Link></Children><Collision z:Ref="i29"/><Inertial z:Ref="i3"/><Joint z:Ref="i36"/><NameAttribute z:Ref="i2"/><Parent i:nil="true"/><STLQualityFine>false</STLQualityFine><SWComponentPIDs xmlns:a="http://schemas.microsoft.com/2003/10/Serialization/Arrays"><a:base64Binary>+CoAAAUAAAD//v8LQgBhAHMAZQAtADEAQABiAGEAcwBlAAQAAAAQAAAAAQAAAAEAAAAXAAAA</a:base64Binary><a:base64Binary>+CoAAAUAAAD//v8ZTABvAGMAbwBtAG8AdABvAHIAeQBfAEIAcgBhAGMAawBlAHQALQAyAEAAYgBhAHMAZQAEAAAAEAAAAAEAAAABAAAAJQAAAA==</a:base64Binary><a:base64Binary>+CoAAAUAAAD//v8ZTABvAGMAbwBtAG8AdABvAHIAeQBfAEIAcgBhAGMAawBlAHQALQAzAEAAYgBhAHMAZQAEAAAAEAAAAAEAAAABAAAAJwAAAA==</a:base64Binary><a:base64Binary>+CoAAAUAAAD//v8ZTABvAGMAbwBtAG8AdABvAHIAeQBfAEIAcgBhAGMAawBlAHQALQAxAEAAYgBhAHMAZQAEAAAAEAAAAAEAAAABAAAAGAAAAA==</a:base64Binary><a:base64Binary>+CoAAAUAAAD//v8MbQBvAHQAbwByAC0AMgBAAGIAYQBzAGUABAAAABAAAAABAAAAAQAAAF8AAAA=</a:base64Binary><a:base64Binary>+CoAAAUAAAD//v8MbQBvAHQAbwByAC0AMQBAAGIAYQBzAGUABAAAABAAAAABAAAAAQAAAFsAAAA=</a:base64Binary><a:base64Binary>+CoAAAUAAAD//v8MbQBvAHQAbwByAC0AMwBAAGIAYQBzAGUABAAAABAAAAABAAAAAQAAAGgAAAA=</a:base64Binary></SWComponentPIDs><SWMainComponentPID i:nil="true"/><Visual z:Ref="i16"/><isFixedFrame>false</isFixedFrame><isIncomplete>false</isIncomplete></Link>
2019-09-17 00:06:38,990 INFO  AssemblyExportForm.cs: 308 - Saving URDF package to D:\ROBOCON_2020\URDF\base
2019-09-17 00:06:38,992 INFO  ExportHelper.cs: 147 - Beginning the export process
2019-09-17 00:06:38,993 INFO  ExportHelper.cs: 153 - Creating package directories with name base and save path D:\ROBOCON_2020\URDF
2019-09-17 00:06:44,975 INFO  ExportHelper.cs: 162 - Creating CMakeLists.txt at D:\ROBOCON_2020\URDF\base\CMakeLists.txt
2019-09-17 00:06:44,985 INFO  ExportHelper.cs: 166 - Creating joint names config at D:\ROBOCON_2020\URDF\base\config\joint_names_base.yaml
2019-09-17 00:06:44,990 INFO  ExportHelper.cs: 170 - Creating package.xml at D:\ROBOCON_2020\URDF\base\package.xml
2019-09-17 00:06:44,991 INFO  PackageXMLWriter.cs: 21 - Creating package.xml at D:\ROBOCON_2020\URDF\base\package.xml
2019-09-17 00:06:45,108 INFO  ExportHelper.cs: 177 - Creating RVIZ launch file in D:\ROBOCON_2020\URDF\base\launch\
2019-09-17 00:06:45,116 INFO  ExportHelper.cs: 182 - Creating Gazebo launch file in D:\ROBOCON_2020\URDF\base\launch\
2019-09-17 00:06:45,122 INFO  ExportHelper.cs: 187 - Saving existing STL preferences
2019-09-17 00:06:45,122 INFO  ExportHelper.cs: 451 - Saving users preferences
2019-09-17 00:06:45,123 INFO  ExportHelper.cs: 190 - Modifying STL preferences
2019-09-17 00:06:45,124 INFO  ExportHelper.cs: 465 - Setting STL preferences
2019-09-17 00:06:45,135 INFO  ExportHelper.cs: 196 - Found 0 hidden components 
2019-09-17 00:06:45,136 INFO  ExportHelper.cs: 197 - Hiding all components
2019-09-17 00:06:46,022 INFO  ExportHelper.cs: 204 - Beginning individual files export
2019-09-17 00:06:46,024 INFO  ExportHelper.cs: 270 - Exporting link: base_link
2019-09-17 00:06:46,027 INFO  ExportHelper.cs: 272 - Link base_link has 3 children
2019-09-17 00:06:46,028 INFO  ExportHelper.cs: 270 - Exporting link: wheel_1
2019-09-17 00:06:46,029 INFO  ExportHelper.cs: 272 - Link wheel_1 has 0 children
2019-09-17 00:06:46,030 INFO  ExportHelper.cs: 318 - wheel_1: Exporting STL with coordinate frame Origin_revolute_1
2019-09-17 00:06:46,030 INFO  ExportHelper.cs: 323 - wheel_1: Reference geometry name 
2019-09-17 00:06:46,191 INFO  ExportHelper.cs: 331 - Saving STL to D:\ROBOCON_2020\URDF\base\meshes\wheel_1.STL
2019-09-17 00:06:46,895 INFO  ExportHelper.cs: 406 - Removing SW header in STL file
2019-09-17 00:06:46,900 INFO  ExportHelper.cs: 270 - Exporting link: wheel_2
2019-09-17 00:06:46,900 INFO  ExportHelper.cs: 272 - Link wheel_2 has 0 children
2019-09-17 00:06:46,901 INFO  ExportHelper.cs: 318 - wheel_2: Exporting STL with coordinate frame Origin_revolute_2
2019-09-17 00:06:46,901 INFO  ExportHelper.cs: 323 - wheel_2: Reference geometry name 
2019-09-17 00:06:46,923 INFO  ExportHelper.cs: 331 - Saving STL to D:\ROBOCON_2020\URDF\base\meshes\wheel_2.STL
2019-09-17 00:06:47,113 INFO  ExportHelper.cs: 406 - Removing SW header in STL file
2019-09-17 00:06:47,119 INFO  ExportHelper.cs: 270 - Exporting link: wheel_3
2019-09-17 00:06:47,120 INFO  ExportHelper.cs: 272 - Link wheel_3 has 0 children
2019-09-17 00:06:47,120 INFO  ExportHelper.cs: 318 - wheel_3: Exporting STL with coordinate frame Origin_revolute_3
2019-09-17 00:06:47,120 INFO  ExportHelper.cs: 323 - wheel_3: Reference geometry name 
2019-09-17 00:06:47,182 INFO  ExportHelper.cs: 331 - Saving STL to D:\ROBOCON_2020\URDF\base\meshes\wheel_3.STL
2019-09-17 00:06:47,401 INFO  ExportHelper.cs: 406 - Removing SW header in STL file
2019-09-17 00:06:47,422 INFO  ExportHelper.cs: 318 - base_link: Exporting STL with coordinate frame Origin_global
2019-09-17 00:06:47,422 INFO  ExportHelper.cs: 323 - base_link: Reference geometry name 
2019-09-17 00:06:47,465 INFO  ExportHelper.cs: 331 - Saving STL to D:\ROBOCON_2020\URDF\base\meshes\base_link.STL
2019-09-17 00:06:47,671 INFO  ExportHelper.cs: 406 - Removing SW header in STL file
2019-09-17 00:06:47,675 INFO  ExportHelper.cs: 145 - Showing all components except previously hidden components
2019-09-17 00:06:48,469 INFO  ExportHelper.cs: 145 - Resetting STL preferences
2019-09-17 00:06:48,469 INFO  ExportHelper.cs: 479 - Returning STL preferences to user preferences
2019-09-17 00:06:48,470 INFO  ExportHelper.cs: 228 - Writing URDF file to D:\ROBOCON_2020\URDF\base\urdf\base.urdf
2019-09-17 00:06:48,616 INFO  CSVImportExport.cs: 32 - Writing CSV file D:\ROBOCON_2020\URDF\base\urdf\base.csv
2019-09-17 00:06:48,653 ERROR CSVImportExport.cs: 132 - The following columns were not written to the CSV: Link.Joint.ChildLink.link,
2019-09-17 00:06:48,654 ERROR CSVImportExport.cs: 132 - The following columns were not written to the CSV: Link.Joint.ChildLink.link,
2019-09-17 00:06:48,655 ERROR CSVImportExport.cs: 132 - The following columns were not written to the CSV: Link.Joint.ChildLink.link,
2019-09-17 00:06:48,655 ERROR CSVImportExport.cs: 132 - The following columns were not written to the CSV: Link.Joint.ChildLink.link,
2019-09-17 00:06:48,660 INFO  ExportHelper.cs: 234 - Copying log file
2019-09-17 00:06:48,670 INFO  ExportHelper.cs: 440 - Copying C:\Users\Alwin\sw2urdf_logs\sw2urdf.log to D:\ROBOCON_2020\URDF\base\export.log
